15:39:27 **** Build of configuration Debug for project CV04 ****
make -j4 all 
arm-none-eabi-gcc "../Drivers/STM32F0xx_HAL_Driver/Src/stm32f0xx_hal.c" -mcpu=cortex-m0 -std=gnu11 -g3 -DDEBUG -DUSE_HAL_DRIVER -DSTM32F030x8 -c -I../Core/Inc -I../Drivers/STM32F0xx_HAL_Driver/Inc -I../Drivers/STM32F0xx_HAL_Driver/Inc/Legacy -I../Drivers/CMSIS/Device/ST/STM32F0xx/Include -I../Drivers/CMSIS/Include -O0 -ffunction-sections -fdata-sections -Wall -fstack-usage -fcyclomatic-complexity -MMD -MP -MF"Drivers/STM32F0xx_HAL_Driver/Src/stm32f0xx_hal.d" -MT"Drivers/STM32F0xx_HAL_Driver/Src/stm32f0xx_hal.o" --specs=nano.specs -mfloat-abi=soft -mthumb -o "Drivers/STM32F0xx_HAL_Driver/Src/stm32f0xx_hal.o"
arm-none-eabi-gcc "../Drivers/STM32F0xx_HAL_Driver/Src/stm32f0xx_hal_adc.c" -mcpu=cortex-m0 -std=gnu11 -g3 -DDEBUG -DUSE_HAL_DRIVER -DSTM32F030x8 -c -I../Core/Inc -I../Drivers/STM32F0xx_HAL_Driver/Inc -I../Drivers/STM32F0xx_HAL_Driver/Inc/Legacy -I../Drivers/CMSIS/Device/ST/STM32F0xx/Include -I../Drivers/CMSIS/Include -O0 -ffunction-sections -fdata-sections -Wall -fstack-usage -fcyclomatic-complexity -MMD -MP -MF"Drivers/STM32F0xx_HAL_Driver/Src/stm32f0xx_hal_adc.d" -MT"Drivers/STM32F0xx_HAL_Driver/Src/stm32f0xx_hal_adc.o" --specs=nano.specs -mfloat-abi=soft -mthumb -o "Drivers/STM32F0xx_HAL_Driver/Src/stm32f0xx_hal_adc.o"
arm-none-eabi-gcc "../Drivers/STM32F0xx_HAL_Driver/Src/stm32f0xx_hal_adc_ex.c" -mcpu=cortex-m0 -std=gnu11 -g3 -DDEBUG -DUSE_HAL_DRIVER -DSTM32F030x8 -c -I../Core/Inc -I../Drivers/STM32F0xx_HAL_Driver/Inc -I../Drivers/STM32F0xx_HAL_Driver/Inc/Legacy -I../Drivers/CMSIS/Device/ST/STM32F0xx/Include -I../Drivers/CMSIS/Include -O0 -ffunction-sections -fdata-sections -Wall -fstack-usage -fcyclomatic-complexity -MMD -MP -MF"Drivers/STM32F0xx_HAL_Driver/Src/stm32f0xx_hal_adc_ex.d" -MT"Drivers/STM32F0xx_HAL_Driver/Src/stm32f0xx_hal_adc_ex.o" --specs=nano.specs -mfloat-abi=soft -mthumb -o "Drivers/STM32F0xx_HAL_Driver/Src/stm32f0xx_hal_adc_ex.o"
arm-none-eabi-gcc "../Drivers/STM32F0xx_HAL_Driver/Src/stm32f0xx_hal_cortex.c" -mcpu=cortex-m0 -std=gnu11 -g3 -DDEBUG -DUSE_HAL_DRIVER -DSTM32F030x8 -c -I../Core/Inc -I../Drivers/STM32F0xx_HAL_Driver/Inc -I../Drivers/STM32F0xx_HAL_Driver/Inc/Legacy -I../Drivers/CMSIS/Device/ST/STM32F0xx/Include -I../Drivers/CMSIS/Include -O0 -ffunction-sections -fdata-sections -Wall -fstack-usage -fcyclomatic-complexity -MMD -MP -MF"Drivers/STM32F0xx_HAL_Driver/Src/stm32f0xx_hal_cortex.d" -MT"Drivers/STM32F0xx_HAL_Driver/Src/stm32f0xx_hal_cortex.o" --specs=nano.specs -mfloat-abi=soft -mthumb -o "Drivers/STM32F0xx_HAL_Driver/Src/stm32f0xx_hal_cortex.o"
arm-none-eabi-gcc "../Drivers/STM32F0xx_HAL_Driver/Src/stm32f0xx_hal_dma.c" -mcpu=cortex-m0 -std=gnu11 -g3 -DDEBUG -DUSE_HAL_DRIVER -DSTM32F030x8 -c -I../Core/Inc -I../Drivers/STM32F0xx_HAL_Driver/Inc -I../Drivers/STM32F0xx_HAL_Driver/Inc/Legacy -I../Drivers/CMSIS/Device/ST/STM32F0xx/Include -I../Drivers/CMSIS/Include -O0 -ffunction-sections -fdata-sections -Wall -fstack-usage -fcyclomatic-complexity -MMD -MP -MF"Drivers/STM32F0xx_HAL_Driver/Src/stm32f0xx_hal_dma.d" -MT"Drivers/STM32F0xx_HAL_Driver/Src/stm32f0xx_hal_dma.o" --specs=nano.specs -mfloat-abi=soft -mthumb -o "Drivers/STM32F0xx_HAL_Driver/Src/stm32f0xx_hal_dma.o"
arm-none-eabi-gcc "../Drivers/STM32F0xx_HAL_Driver/Src/stm32f0xx_hal_exti.c" -mcpu=cortex-m0 -std=gnu11 -g3 -DDEBUG -DUSE_HAL_DRIVER -DSTM32F030x8 -c -I../Core/Inc -I../Drivers/STM32F0xx_HAL_Driver/Inc -I../Drivers/STM32F0xx_HAL_Driver/Inc/Legacy -I../Drivers/CMSIS/Device/ST/STM32F0xx/Include -I../Drivers/CMSIS/Include -O0 -ffunction-sections -fdata-sections -Wall -fstack-usage -fcyclomatic-complexity -MMD -MP -MF"Drivers/STM32F0xx_HAL_Driver/Src/stm32f0xx_hal_exti.d" -MT"Drivers/STM32F0xx_HAL_Driver/Src/stm32f0xx_hal_exti.o" --specs=nano.specs -mfloat-abi=soft -mthumb -o "Drivers/STM32F0xx_HAL_Driver/Src/stm32f0xx_hal_exti.o"
arm-none-eabi-gcc "../Drivers/STM32F0xx_HAL_Driver/Src/stm32f0xx_hal_flash.c" -mcpu=cortex-m0 -std=gnu11 -g3 -DDEBUG -DUSE_HAL_DRIVER -DSTM32F030x8 -c -I../Core/Inc -I../Drivers/STM32F0xx_HAL_Driver/Inc -I../Drivers/STM32F0xx_HAL_Driver/Inc/Legacy -I../Drivers/CMSIS/Device/ST/STM32F0xx/Include -I../Drivers/CMSIS/Include -O0 -ffunction-sections -fdata-sections -Wall -fstack-usage -fcyclomatic-complexity -MMD -MP -MF"Drivers/STM32F0xx_HAL_Driver/Src/stm32f0xx_hal_flash.d" -MT"Drivers/STM32F0xx_HAL_Driver/Src/stm32f0xx_hal_flash.o" --specs=nano.specs -mfloat-abi=soft -mthumb -o "Drivers/STM32F0xx_HAL_Driver/Src/stm32f0xx_hal_flash.o"
arm-none-eabi-gcc "../Drivers/STM32F0xx_HAL_Driver/Src/stm32f0xx_hal_flash_ex.c" -mcpu=cortex-m0 -std=gnu11 -g3 -DDEBUG -DUSE_HAL_DRIVER -DSTM32F030x8 -c -I../Core/Inc -I../Drivers/STM32F0xx_HAL_Driver/Inc -I../Drivers/STM32F0xx_HAL_Driver/Inc/Legacy -I../Drivers/CMSIS/Device/ST/STM32F0xx/Include -I../Drivers/CMSIS/Include -O0 -ffunction-sections -fdata-sections -Wall -fstack-usage -fcyclomatic-complexity -MMD -MP -MF"Drivers/STM32F0xx_HAL_Driver/Src/stm32f0xx_hal_flash_ex.d" -MT"Drivers/STM32F0xx_HAL_Driver/Src/stm32f0xx_hal_flash_ex.o" --specs=nano.specs -mfloat-abi=soft -mthumb -o "Drivers/STM32F0xx_HAL_Driver/Src/stm32f0xx_hal_flash_ex.o"
arm-none-eabi-gcc "../Drivers/STM32F0xx_HAL_Driver/Src/stm32f0xx_hal_gpio.c" -mcpu=cortex-m0 -std=gnu11 -g3 -DDEBUG -DUSE_HAL_DRIVER -DSTM32F030x8 -c -I../Core/Inc -I../Drivers/STM32F0xx_HAL_Driver/Inc -I../Drivers/STM32F0xx_HAL_Driver/Inc/Legacy -I../Drivers/CMSIS/Device/ST/STM32F0xx/Include -I../Drivers/CMSIS/Include -O0 -ffunction-sections -fdata-sections -Wall -fstack-usage -fcyclomatic-complexity -MMD -MP -MF"Drivers/STM32F0xx_HAL_Driver/Src/stm32f0xx_hal_gpio.d" -MT"Drivers/STM32F0xx_HAL_Driver/Src/stm32f0xx_hal_gpio.o" --specs=nano.specs -mfloat-abi=soft -mthumb -o "Drivers/STM32F0xx_HAL_Driver/Src/stm32f0xx_hal_gpio.o"
arm-none-eabi-gcc "../Drivers/STM32F0xx_HAL_Driver/Src/stm32f0xx_hal_i2c.c" -mcpu=cortex-m0 -std=gnu11 -g3 -DDEBUG -DUSE_HAL_DRIVER -DSTM32F030x8 -c -I../Core/Inc -I../Drivers/STM32F0xx_HAL_Driver/Inc -I../Drivers/STM32F0xx_HAL_Driver/Inc/Legacy -I../Drivers/CMSIS/Device/ST/STM32F0xx/Include -I../Drivers/CMSIS/Include -O0 -ffunction-sections -fdata-sections -Wall -fstack-usage -fcyclomatic-complexity -MMD -MP -MF"Drivers/STM32F0xx_HAL_Driver/Src/stm32f0xx_hal_i2c.d" -MT"Drivers/STM32F0xx_HAL_Driver/Src/stm32f0xx_hal_i2c.o" --specs=nano.specs -mfloat-abi=soft -mthumb -o "Drivers/STM32F0xx_HAL_Driver/Src/stm32f0xx_hal_i2c.o"
arm-none-eabi-gcc "../Drivers/STM32F0xx_HAL_Driver/Src/stm32f0xx_hal_i2c_ex.c" -mcpu=cortex-m0 -std=gnu11 -g3 -DDEBUG -DUSE_HAL_DRIVER -DSTM32F030x8 -c -I../Core/Inc -I../Drivers/STM32F0xx_HAL_Driver/Inc -I../Drivers/STM32F0xx_HAL_Driver/Inc/Legacy -I../Drivers/CMSIS/Device/ST/STM32F0xx/Include -I../Drivers/CMSIS/Include -O0 -ffunction-sections -fdata-sections -Wall -fstack-usage -fcyclomatic-complexity -MMD -MP -MF"Drivers/STM32F0xx_HAL_Driver/Src/stm32f0xx_hal_i2c_ex.d" -MT"Drivers/STM32F0xx_HAL_Driver/Src/stm32f0xx_hal_i2c_ex.o" --specs=nano.specs -mfloat-abi=soft -mthumb -o "Drivers/STM32F0xx_HAL_Driver/Src/stm32f0xx_hal_i2c_ex.o"
arm-none-eabi-gcc "../Drivers/STM32F0xx_HAL_Driver/Src/stm32f0xx_hal_pwr.c" -mcpu=cortex-m0 -std=gnu11 -g3 -DDEBUG -DUSE_HAL_DRIVER -DSTM32F030x8 -c -I../Core/Inc -I../Drivers/STM32F0xx_HAL_Driver/Inc -I../Drivers/STM32F0xx_HAL_Driver/Inc/Legacy -I../Drivers/CMSIS/Device/ST/STM32F0xx/Include -I../Drivers/CMSIS/Include -O0 -ffunction-sections -fdata-sections -Wall -fstack-usage -fcyclomatic-complexity -MMD -MP -MF"Drivers/STM32F0xx_HAL_Driver/Src/stm32f0xx_hal_pwr.d" -MT"Drivers/STM32F0xx_HAL_Driver/Src/stm32f0xx_hal_pwr.o" --specs=nano.specs -mfloat-abi=soft -mthumb -o "Drivers/STM32F0xx_HAL_Driver/Src/stm32f0xx_hal_pwr.o"
arm-none-eabi-gcc "../Drivers/STM32F0xx_HAL_Driver/Src/stm32f0xx_hal_pwr_ex.c" -mcpu=cortex-m0 -std=gnu11 -g3 -DDEBUG -DUSE_HAL_DRIVER -DSTM32F030x8 -c -I../Core/Inc -I../Drivers/STM32F0xx_HAL_Driver/Inc -I../Drivers/STM32F0xx_HAL_Driver/Inc/Legacy -I../Drivers/CMSIS/Device/ST/STM32F0xx/Include -I../Drivers/CMSIS/Include -O0 -ffunction-sections -fdata-sections -Wall -fstack-usage -fcyclomatic-complexity -MMD -MP -MF"Drivers/STM32F0xx_HAL_Driver/Src/stm32f0xx_hal_pwr_ex.d" -MT"Drivers/STM32F0xx_HAL_Driver/Src/stm32f0xx_hal_pwr_ex.o" --specs=nano.specs -mfloat-abi=soft -mthumb -o "Drivers/STM32F0xx_HAL_Driver/Src/stm32f0xx_hal_pwr_ex.o"
arm-none-eabi-gcc "../Drivers/STM32F0xx_HAL_Driver/Src/stm32f0xx_hal_rcc.c" -mcpu=cortex-m0 -std=gnu11 -g3 -DDEBUG -DUSE_HAL_DRIVER -DSTM32F030x8 -c -I../Core/Inc -I../Drivers/STM32F0xx_HAL_Driver/Inc -I../Drivers/STM32F0xx_HAL_Driver/Inc/Legacy -I../Drivers/CMSIS/Device/ST/STM32F0xx/Include -I../Drivers/CMSIS/Include -O0 -ffunction-sections -fdata-sections -Wall -fstack-usage -fcyclomatic-complexity -MMD -MP -MF"Drivers/STM32F0xx_HAL_Driver/Src/stm32f0xx_hal_rcc.d" -MT"Drivers/STM32F0xx_HAL_Driver/Src/stm32f0xx_hal_rcc.o" --specs=nano.specs -mfloat-abi=soft -mthumb -o "Drivers/STM32F0xx_HAL_Driver/Src/stm32f0xx_hal_rcc.o"
arm-none-eabi-gcc "../Drivers/STM32F0xx_HAL_Driver/Src/stm32f0xx_hal_rcc_ex.c" -mcpu=cortex-m0 -std=gnu11 -g3 -DDEBUG -DUSE_HAL_DRIVER -DSTM32F030x8 -c -I../Core/Inc -I../Drivers/STM32F0xx_HAL_Driver/Inc -I../Drivers/STM32F0xx_HAL_Driver/Inc/Legacy -I../Drivers/CMSIS/Device/ST/STM32F0xx/Include -I../Drivers/CMSIS/Include -O0 -ffunction-sections -fdata-sections -Wall -fstack-usage -fcyclomatic-complexity -MMD -MP -MF"Drivers/STM32F0xx_HAL_Driver/Src/stm32f0xx_hal_rcc_ex.d" -MT"Drivers/STM32F0xx_HAL_Driver/Src/stm32f0xx_hal_rcc_ex.o" --specs=nano.specs -mfloat-abi=soft -mthumb -o "Drivers/STM32F0xx_HAL_Driver/Src/stm32f0xx_hal_rcc_ex.o"
arm-none-eabi-gcc "../Drivers/STM32F0xx_HAL_Driver/Src/stm32f0xx_hal_tim.c" -mcpu=cortex-m0 -std=gnu11 -g3 -DDEBUG -DUSE_HAL_DRIVER -DSTM32F030x8 -c -I../Core/Inc -I../Drivers/STM32F0xx_HAL_Driver/Inc -I../Drivers/STM32F0xx_HAL_Driver/Inc/Legacy -I../Drivers/CMSIS/Device/ST/STM32F0xx/Include -I../Drivers/CMSIS/Include -O0 -ffunction-sections -fdata-sections -Wall -fstack-usage -fcyclomatic-complexity -MMD -MP -MF"Drivers/STM32F0xx_HAL_Driver/Src/stm32f0xx_hal_tim.d" -MT"Drivers/STM32F0xx_HAL_Driver/Src/stm32f0xx_hal_tim.o" --specs=nano.specs -mfloat-abi=soft -mthumb -o "Drivers/STM32F0xx_HAL_Driver/Src/stm32f0xx_hal_tim.o"
arm-none-eabi-gcc "../Drivers/STM32F0xx_HAL_Driver/Src/stm32f0xx_hal_tim_ex.c" -mcpu=cortex-m0 -std=gnu11 -g3 -DDEBUG -DUSE_HAL_DRIVER -DSTM32F030x8 -c -I../Core/Inc -I../Drivers/STM32F0xx_HAL_Driver/Inc -I../Drivers/STM32F0xx_HAL_Driver/Inc/Legacy -I../Drivers/CMSIS/Device/ST/STM32F0xx/Include -I../Drivers/CMSIS/Include -O0 -ffunction-sections -fdata-sections -Wall -fstack-usage -fcyclomatic-complexity -MMD -MP -MF"Drivers/STM32F0xx_HAL_Driver/Src/stm32f0xx_hal_tim_ex.d" -MT"Drivers/STM32F0xx_HAL_Driver/Src/stm32f0xx_hal_tim_ex.o" --specs=nano.specs -mfloat-abi=soft -mthumb -o "Drivers/STM32F0xx_HAL_Driver/Src/stm32f0xx_hal_tim_ex.o"
arm-none-eabi-gcc "../Drivers/STM32F0xx_HAL_Driver/Src/stm32f0xx_hal_uart.c" -mcpu=cortex-m0 -std=gnu11 -g3 -DDEBUG -DUSE_HAL_DRIVER -DSTM32F030x8 -c -I../Core/Inc -I../Drivers/STM32F0xx_HAL_Driver/Inc -I../Drivers/STM32F0xx_HAL_Driver/Inc/Legacy -I../Drivers/CMSIS/Device/ST/STM32F0xx/Include -I../Drivers/CMSIS/Include -O0 -ffunction-sections -fdata-sections -Wall -fstack-usage -fcyclomatic-complexity -MMD -MP -MF"Drivers/STM32F0xx_HAL_Driver/Src/stm32f0xx_hal_uart.d" -MT"Drivers/STM32F0xx_HAL_Driver/Src/stm32f0xx_hal_uart.o" --specs=nano.specs -mfloat-abi=soft -mthumb -o "Drivers/STM32F0xx_HAL_Driver/Src/stm32f0xx_hal_uart.o"
arm-none-eabi-gcc "../Drivers/STM32F0xx_HAL_Driver/Src/stm32f0xx_hal_uart_ex.c" -mcpu=cortex-m0 -std=gnu11 -g3 -DDEBUG -DUSE_HAL_DRIVER -DSTM32F030x8 -c -I../Core/Inc -I../Drivers/STM32F0xx_HAL_Driver/Inc -I../Drivers/STM32F0xx_HAL_Driver/Inc/Legacy -I../Drivers/CMSIS/Device/ST/STM32F0xx/Include -I../Drivers/CMSIS/Include -O0 -ffunction-sections -fdata-sections -Wall -fstack-usage -fcyclomatic-complexity -MMD -MP -MF"Drivers/STM32F0xx_HAL_Driver/Src/stm32f0xx_hal_uart_ex.d" -MT"Drivers/STM32F0xx_HAL_Driver/Src/stm32f0xx_hal_uart_ex.o" --specs=nano.specs -mfloat-abi=soft -mthumb -o "Drivers/STM32F0xx_HAL_Driver/Src/stm32f0xx_hal_uart_ex.o"
arm-none-eabi-gcc -mcpu=cortex-m0 -g3 -DDEBUG -c -x assembler-with-cpp -MMD -MP -MF"Core/Startup/startup_stm32f030r8tx.d" -MT"Core/Startup/startup_stm32f030r8tx.o" --specs=nano.specs -mfloat-abi=soft -mthumb -o "Core/Startup/startup_stm32f030r8tx.o" "../Core/Startup/startup_stm32f030r8tx.s"
arm-none-eabi-gcc "../Core/Src/main.c" -mcpu=cortex-m0 -std=gnu11 -g3 -DDEBUG -DUSE_HAL_DRIVER -DSTM32F030x8 -c -I../Core/Inc -I../Drivers/STM32F0xx_HAL_Driver/Inc -I../Drivers/STM32F0xx_HAL_Driver/Inc/Legacy -I../Drivers/CMSIS/Device/ST/STM32F0xx/Include -I../Drivers/CMSIS/Include -O0 -ffunction-sections -fdata-sections -Wall -fstack-usage -fcyclomatic-complexity -MMD -MP -MF"Core/Src/main.d" -MT"Core/Src/main.o" --specs=nano.specs -mfloat-abi=soft -mthumb -o "Core/Src/main.o"
arm-none-eabi-gcc "../Core/Src/sct.c" -mcpu=cortex-m0 -std=gnu11 -g3 -DDEBUG -DUSE_HAL_DRIVER -DSTM32F030x8 -c -I../Core/Inc -I../Drivers/STM32F0xx_HAL_Driver/Inc -I../Drivers/STM32F0xx_HAL_Driver/Inc/Legacy -I../Drivers/CMSIS/Device/ST/STM32F0xx/Include -I../Drivers/CMSIS/Include -O0 -ffunction-sections -fdata-sections -Wall -fstack-usage -fcyclomatic-complexity -MMD -MP -MF"Core/Src/sct.d" -MT"Core/Src/sct.o" --specs=nano.specs -mfloat-abi=soft -mthumb -o "Core/Src/sct.o"
arm-none-eabi-gcc "../Core/Src/stm32f0xx_hal_msp.c" -mcpu=cortex-m0 -std=gnu11 -g3 -DDEBUG -DUSE_HAL_DRIVER -DSTM32F030x8 -c -I../Core/Inc -I../Drivers/STM32F0xx_HAL_Driver/Inc -I../Drivers/STM32F0xx_HAL_Driver/Inc/Legacy -I../Drivers/CMSIS/Device/ST/STM32F0xx/Include -I../Drivers/CMSIS/Include -O0 -ffunction-sections -fdata-sections -Wall -fstack-usage -fcyclomatic-complexity -MMD -MP -MF"Core/Src/stm32f0xx_hal_msp.d" -MT"Core/Src/stm32f0xx_hal_msp.o" --specs=nano.specs -mfloat-abi=soft -mthumb -o "Core/Src/stm32f0xx_hal_msp.o"
../Core/Src/main.c: In function 'main':
../Core/Src/main.c:86:3: warning: implicit declaration of function 'sct_init' [-Wimplicit-function-declaration]
   86 |   sct_init();
      |   ^~~~~~~~
../Core/Src/main.c:112:43: error: 'raw_port' undeclared (first use in this function); did you mean 'raw_pot'?
  112 |                 float sct_value = (float) raw_port * 500.0 / 4095.0;
      |                                           ^~~~~~~~
      |                                           raw_pot
../Core/Src/main.c:112:43: note: each undeclared identifier is reported only once for each function it appears in
../Core/Src/main.c:112:23: warning: unused variable 'sct_value' [-Wunused-variable]
  112 |                 float sct_value = (float) raw_port * 500.0 / 4095.0;
      |                       ^~~~~~~~~
make: *** [Core/Src/subdir.mk:37: Core/Src/main.o] Error 1
make: *** Waiting for unfinished jobs....
../Core/Src/sct.c: In function 'sct_value':
../Core/Src/sct.c:101:17: error: 'led' undeclared (first use in this function)
  101 |             if (led <= 8) {
      |                 ^~~
../Core/Src/sct.c:101:17: note: each undeclared identifier is reported only once for each function it appears in
make: *** [Core/Src/subdir.mk:37: Core/Src/sct.o] Error 1
"make -j4 all" terminated with exit code 2. Build might be incomplete.
15:41:55 **** Incremental Build of configuration Debug for project CV04 ****
make -j4 all 
arm-none-eabi-gcc "../Core/Src/main.c" -mcpu=cortex-m0 -std=gnu11 -g3 -DDEBUG -DUSE_HAL_DRIVER -DSTM32F030x8 -c -I../Core/Inc -I../Drivers/STM32F0xx_HAL_Driver/Inc -I../Drivers/STM32F0xx_HAL_Driver/Inc/Legacy -I../Drivers/CMSIS/Device/ST/STM32F0xx/Include -I../Drivers/CMSIS/Include -O0 -ffunction-sections -fdata-sections -Wall -fstack-usage -fcyclomatic-complexity -MMD -MP -MF"Core/Src/main.d" -MT"Core/Src/main.o" --specs=nano.specs -mfloat-abi=soft -mthumb -o "Core/Src/main.o"
arm-none-eabi-gcc "../Core/Src/sct.c" -mcpu=cortex-m0 -std=gnu11 -g3 -DDEBUG -DUSE_HAL_DRIVER -DSTM32F030x8 -c -I../Core/Inc -I../Drivers/STM32F0xx_HAL_Driver/Inc -I../Drivers/STM32F0xx_HAL_Driver/Inc/Legacy -I../Drivers/CMSIS/Device/ST/STM32F0xx/Include -I../Drivers/CMSIS/Include -O0 -ffunction-sections -fdata-sections -Wall -fstack-usage -fcyclomatic-complexity -MMD -MP -MF"Core/Src/sct.d" -MT"Core/Src/sct.o" --specs=nano.specs -mfloat-abi=soft -mthumb -o "Core/Src/sct.o"
arm-none-eabi-gcc "../Core/Src/stm32f0xx_it.c" -mcpu=cortex-m0 -std=gnu11 -g3 -DDEBUG -DUSE_HAL_DRIVER -DSTM32F030x8 -c -I../Core/Inc -I../Drivers/STM32F0xx_HAL_Driver/Inc -I../Drivers/STM32F0xx_HAL_Driver/Inc/Legacy -I../Drivers/CMSIS/Device/ST/STM32F0xx/Include -I../Drivers/CMSIS/Include -O0 -ffunction-sections -fdata-sections -Wall -fstack-usage -fcyclomatic-complexity -MMD -MP -MF"Core/Src/stm32f0xx_it.d" -MT"Core/Src/stm32f0xx_it.o" --specs=nano.specs -mfloat-abi=soft -mthumb -o "Core/Src/stm32f0xx_it.o"
arm-none-eabi-gcc "../Core/Src/syscalls.c" -mcpu=cortex-m0 -std=gnu11 -g3 -DDEBUG -DUSE_HAL_DRIVER -DSTM32F030x8 -c -I../Core/Inc -I../Drivers/STM32F0xx_HAL_Driver/Inc -I../Drivers/STM32F0xx_HAL_Driver/Inc/Legacy -I../Drivers/CMSIS/Device/ST/STM32F0xx/Include -I../Drivers/CMSIS/Include -O0 -ffunction-sections -fdata-sections -Wall -fstack-usage -fcyclomatic-complexity -MMD -MP -MF"Core/Src/syscalls.d" -MT"Core/Src/syscalls.o" --specs=nano.specs -mfloat-abi=soft -mthumb -o "Core/Src/syscalls.o"
../Core/Src/main.c: In function 'main':
../Core/Src/main.c:86:3: warning: implicit declaration of function 'sct_init' [-Wimplicit-function-declaration]
   86 |   sct_init();
      |   ^~~~~~~~
../Core/Src/main.c:112:23: warning: unused variable 'sct_value' [-Wunused-variable]
  112 |                 float sct_value = (float) raw_pot * 500.0 / 4095.0;
      |                       ^~~~~~~~~
arm-none-eabi-gcc "../Core/Src/sysmem.c" -mcpu=cortex-m0 -std=gnu11 -g3 -DDEBUG -DUSE_HAL_DRIVER -DSTM32F030x8 -c -I../Core/Inc -I../Drivers/STM32F0xx_HAL_Driver/Inc -I../Drivers/STM32F0xx_HAL_Driver/Inc/Legacy -I../Drivers/CMSIS/Device/ST/STM32F0xx/Include -I../Drivers/CMSIS/Include -O0 -ffunction-sections -fdata-sections -Wall -fstack-usage -fcyclomatic-complexity -MMD -MP -MF"Core/Src/sysmem.d" -MT"Core/Src/sysmem.o" --specs=nano.specs -mfloat-abi=soft -mthumb -o "Core/Src/sysmem.o"
arm-none-eabi-gcc "../Core/Src/system_stm32f0xx.c" -mcpu=cortex-m0 -std=gnu11 -g3 -DDEBUG -DUSE_HAL_DRIVER -DSTM32F030x8 -c -I../Core/Inc -I../Drivers/STM32F0xx_HAL_Driver/Inc -I../Drivers/STM32F0xx_HAL_Driver/Inc/Legacy -I../Drivers/CMSIS/Device/ST/STM32F0xx/Include -I../Drivers/CMSIS/Include -O0 -ffunction-sections -fdata-sections -Wall -fstack-usage -fcyclomatic-complexity -MMD -MP -MF"Core/Src/system_stm32f0xx.d" -MT"Core/Src/system_stm32f0xx.o" --specs=nano.specs -mfloat-abi=soft -mthumb -o "Core/Src/system_stm32f0xx.o"
arm-none-eabi-gcc -o "CV04.elf" @"objects.list"   -mcpu=cortex-m0 -T"C:\Temp\Caban\Microcontrollers-And-Embedded-Systems\CV04\CV04\STM32F030R8TX_FLASH.ld" --specs=nosys.specs -Wl,-Map="CV04.map" -Wl,--gc-sections -static --specs=nano.specs -mfloat-abi=soft -mthumb -Wl,--start-group -lc -lm -Wl,--end-group
Finished building target: CV04.elf
 
arm-none-eabi-size   CV04.elf 
arm-none-eabi-objdump -h -S  CV04.elf  > "CV04.list"
   text	   data	    bss	    dec	    hex	filename
  13704	     20	   1772	  15496	   3c88	CV04.elf
Finished building: default.size.stdout
 
Finished building: CV04.list
 
15:42:07 **** Incremental Build of configuration Debug for project CV04 ****
make -j4 all 
arm-none-eabi-size   CV04.elf 
   text	   data	    bss	    dec	    hex	filename
  13704	     20	   1772	  15496	   3c88	CV04.elf
Finished building: default.size.stdout
 
15:46:36 **** Incremental Build of configuration Debug for project CV04 ****
make -j4 all 
arm-none-eabi-gcc "../Core/Src/main.c" -mcpu=cortex-m0 -std=gnu11 -g3 -DDEBUG -DUSE_HAL_DRIVER -DSTM32F030x8 -c -I../Core/Inc -I../Drivers/STM32F0xx_HAL_Driver/Inc -I../Drivers/STM32F0xx_HAL_Driver/Inc/Legacy -I../Drivers/CMSIS/Device/ST/STM32F0xx/Include -I../Drivers/CMSIS/Include -O0 -ffunction-sections -fdata-sections -Wall -fstack-usage -fcyclomatic-complexity -MMD -MP -MF"Core/Src/main.d" -MT"Core/Src/main.o" --specs=nano.specs -mfloat-abi=soft -mthumb -o "Core/Src/main.o"
arm-none-eabi-gcc "../Core/Src/sct.c" -mcpu=cortex-m0 -std=gnu11 -g3 -DDEBUG -DUSE_HAL_DRIVER -DSTM32F030x8 -c -I../Core/Inc -I../Drivers/STM32F0xx_HAL_Driver/Inc -I../Drivers/STM32F0xx_HAL_Driver/Inc/Legacy -I../Drivers/CMSIS/Device/ST/STM32F0xx/Include -I../Drivers/CMSIS/Include -O0 -ffunction-sections -fdata-sections -Wall -fstack-usage -fcyclomatic-complexity -MMD -MP -MF"Core/Src/sct.d" -MT"Core/Src/sct.o" --specs=nano.specs -mfloat-abi=soft -mthumb -o "Core/Src/sct.o"
../Core/Src/main.c: In function 'main':
../Core/Src/main.c:86:3: warning: implicit declaration of function 'sct_init' [-Wimplicit-function-declaration]
   86 |   sct_init();
      |   ^~~~~~~~
../Core/Src/main.c:112:17: error: 'sct_value' undeclared (first use in this function)
  112 |                 sct_value=(raw_port*(500+1)/4096, raw_port*9/4096);
      |                 ^~~~~~~~~
../Core/Src/main.c:112:17: note: each undeclared identifier is reported only once for each function it appears in
../Core/Src/main.c:112:28: error: 'raw_port' undeclared (first use in this function); did you mean 'raw_pot'?
  112 |                 sct_value=(raw_port*(500+1)/4096, raw_port*9/4096);
      |                            ^~~~~~~~
      |                            raw_pot
../Core/Src/main.c:112:49: warning: left-hand operand of comma expression has no effect [-Wunused-value]
  112 |                 sct_value=(raw_port*(500+1)/4096, raw_port*9/4096);
      |                                                 ^
make: *** [Core/Src/subdir.mk:37: Core/Src/main.o] Error 1
make: *** Waiting for unfinished jobs....
"make -j4 all" terminated with exit code 2. Build might be incomplete.
15:47:44 **** Incremental Build of configuration Debug for project CV04 ****
make -j4 all 
arm-none-eabi-gcc "../Core/Src/main.c" -mcpu=cortex-m0 -std=gnu11 -g3 -DDEBUG -DUSE_HAL_DRIVER -DSTM32F030x8 -c -I../Core/Inc -I../Drivers/STM32F0xx_HAL_Driver/Inc -I../Drivers/STM32F0xx_HAL_Driver/Inc/Legacy -I../Drivers/CMSIS/Device/ST/STM32F0xx/Include -I../Drivers/CMSIS/Include -O0 -ffunction-sections -fdata-sections -Wall -fstack-usage -fcyclomatic-complexity -MMD -MP -MF"Core/Src/main.d" -MT"Core/Src/main.o" --specs=nano.specs -mfloat-abi=soft -mthumb -o "Core/Src/main.o"
arm-none-eabi-gcc "../Core/Src/sct.c" -mcpu=cortex-m0 -std=gnu11 -g3 -DDEBUG -DUSE_HAL_DRIVER -DSTM32F030x8 -c -I../Core/Inc -I../Drivers/STM32F0xx_HAL_Driver/Inc -I../Drivers/STM32F0xx_HAL_Driver/Inc/Legacy -I../Drivers/CMSIS/Device/ST/STM32F0xx/Include -I../Drivers/CMSIS/Include -O0 -ffunction-sections -fdata-sections -Wall -fstack-usage -fcyclomatic-complexity -MMD -MP -MF"Core/Src/sct.d" -MT"Core/Src/sct.o" --specs=nano.specs -mfloat-abi=soft -mthumb -o "Core/Src/sct.o"
../Core/Src/main.c: In function 'main':
../Core/Src/main.c:86:3: warning: implicit declaration of function 'sct_init' [-Wimplicit-function-declaration]
   86 |   sct_init();
      |   ^~~~~~~~
../Core/Src/main.c:112:17: warning: implicit declaration of function 'sct_value' [-Wimplicit-function-declaration]
  112 |                 sct_value(raw_port*(500+1)/4096, raw_port*9/4096);
      |                 ^~~~~~~~~
../Core/Src/main.c:112:27: error: 'raw_port' undeclared (first use in this function); did you mean 'raw_pot'?
  112 |                 sct_value(raw_port*(500+1)/4096, raw_port*9/4096);
      |                           ^~~~~~~~
      |                           raw_pot
../Core/Src/main.c:112:27: note: each undeclared identifier is reported only once for each function it appears in
../Core/Src/sct.c:31:40: error: conflicting types for 'value'; have 'uint8_t' {aka 'unsigned char'}
   31 | void sct_value(uint16_t value, uint8_t value){
      |                                ~~~~~~~~^~~~~
../Core/Src/sct.c:31:25: note: previous definition of 'value' with type 'uint16_t' {aka 'short unsigned int'}
   31 | void sct_value(uint16_t value, uint8_t value){
      |                ~~~~~~~~~^~~~~
../Core/Src/sct.c:31:6: error: conflicting types for 'sct_value'; have 'void(uint16_t,  uint8_t)' {aka 'void(short unsigned int,  unsigned char)'}
   31 | void sct_value(uint16_t value, uint8_t value){
      |      ^~~~~~~~~
In file included from ../Core/Src/sct.c:8:
../Core/Inc/sct.h:11:6: note: previous declaration of 'sct_value' with type 'void(uint16_t)' {aka 'void(short unsigned int)'}
   11 | void sct_value(uint16_t value);
      |      ^~~~~~~~~
make: *** [Core/Src/subdir.mk:37: Core/Src/main.o] Error 1
make: *** Waiting for unfinished jobs....
make: *** [Core/Src/subdir.mk:37: Core/Src/sct.o] Error 1
"make -j4 all" terminated with exit code 2. Build might be incomplete.
15:47:46 **** Incremental Build of configuration Debug for project CV04 ****
make -j4 all 
arm-none-eabi-gcc "../Core/Src/main.c" -mcpu=cortex-m0 -std=gnu11 -g3 -DDEBUG -DUSE_HAL_DRIVER -DSTM32F030x8 -c -I../Core/Inc -I../Drivers/STM32F0xx_HAL_Driver/Inc -I../Drivers/STM32F0xx_HAL_Driver/Inc/Legacy -I../Drivers/CMSIS/Device/ST/STM32F0xx/Include -I../Drivers/CMSIS/Include -O0 -ffunction-sections -fdata-sections -Wall -fstack-usage -fcyclomatic-complexity -MMD -MP -MF"Core/Src/main.d" -MT"Core/Src/main.o" --specs=nano.specs -mfloat-abi=soft -mthumb -o "Core/Src/main.o"
arm-none-eabi-gcc "../Core/Src/sct.c" -mcpu=cortex-m0 -std=gnu11 -g3 -DDEBUG -DUSE_HAL_DRIVER -DSTM32F030x8 -c -I../Core/Inc -I../Drivers/STM32F0xx_HAL_Driver/Inc -I../Drivers/STM32F0xx_HAL_Driver/Inc/Legacy -I../Drivers/CMSIS/Device/ST/STM32F0xx/Include -I../Drivers/CMSIS/Include -O0 -ffunction-sections -fdata-sections -Wall -fstack-usage -fcyclomatic-complexity -MMD -MP -MF"Core/Src/sct.d" -MT"Core/Src/sct.o" --specs=nano.specs -mfloat-abi=soft -mthumb -o "Core/Src/sct.o"
../Core/Src/main.c: In function 'main':
../Core/Src/main.c:86:3: warning: implicit declaration of function 'sct_init' [-Wimplicit-function-declaration]
   86 |   sct_init();
      |   ^~~~~~~~
../Core/Src/sct.c:31:40: error: conflicting types for 'value'; have 'uint8_t' {aka 'unsigned char'}
   31 | void sct_value(uint16_t value, uint8_t value){
      |                                ~~~~~~~~^~~~~
../Core/Src/sct.c:31:25: note: previous definition of 'value' with type 'uint16_t' {aka 'short unsigned int'}
   31 | void sct_value(uint16_t value, uint8_t value){
      |                ~~~~~~~~~^~~~~
../Core/Src/sct.c:31:6: error: conflicting types for 'sct_value'; have 'void(uint16_t,  uint8_t)' {aka 'void(short unsigned int,  unsigned char)'}
   31 | void sct_value(uint16_t value, uint8_t value){
      |      ^~~~~~~~~
In file included from ../Core/Src/sct.c:8:
../Core/Inc/sct.h:11:6: note: previous declaration of 'sct_value' with type 'void(uint16_t)' {aka 'void(short unsigned int)'}
   11 | void sct_value(uint16_t value);
      |      ^~~~~~~~~
../Core/Src/main.c:112:17: warning: implicit declaration of function 'sct_value' [-Wimplicit-function-declaration]
  112 |                 sct_value(raw_port*(500+1)/4096, raw_port*9/4096);
      |                 ^~~~~~~~~
../Core/Src/main.c:112:27: error: 'raw_port' undeclared (first use in this function); did you mean 'raw_pot'?
  112 |                 sct_value(raw_port*(500+1)/4096, raw_port*9/4096);
      |                           ^~~~~~~~
      |                           raw_pot
../Core/Src/main.c:112:27: note: each undeclared identifier is reported only once for each function it appears in
make: *** [Core/Src/subdir.mk:37: Core/Src/sct.o] Error 1
make: *** Waiting for unfinished jobs....
make: *** [Core/Src/subdir.mk:37: Core/Src/main.o] Error 1
"make -j4 all" terminated with exit code 2. Build might be incomplete.
15:47:54 **** Incremental Build of configuration Debug for project CV04 ****
make -j4 all 
arm-none-eabi-gcc "../Core/Src/main.c" -mcpu=cortex-m0 -std=gnu11 -g3 -DDEBUG -DUSE_HAL_DRIVER -DSTM32F030x8 -c -I../Core/Inc -I../Drivers/STM32F0xx_HAL_Driver/Inc -I../Drivers/STM32F0xx_HAL_Driver/Inc/Legacy -I../Drivers/CMSIS/Device/ST/STM32F0xx/Include -I../Drivers/CMSIS/Include -O0 -ffunction-sections -fdata-sections -Wall -fstack-usage -fcyclomatic-complexity -MMD -MP -MF"Core/Src/main.d" -MT"Core/Src/main.o" --specs=nano.specs -mfloat-abi=soft -mthumb -o "Core/Src/main.o"
arm-none-eabi-gcc "../Core/Src/sct.c" -mcpu=cortex-m0 -std=gnu11 -g3 -DDEBUG -DUSE_HAL_DRIVER -DSTM32F030x8 -c -I../Core/Inc -I../Drivers/STM32F0xx_HAL_Driver/Inc -I../Drivers/STM32F0xx_HAL_Driver/Inc/Legacy -I../Drivers/CMSIS/Device/ST/STM32F0xx/Include -I../Drivers/CMSIS/Include -O0 -ffunction-sections -fdata-sections -Wall -fstack-usage -fcyclomatic-complexity -MMD -MP -MF"Core/Src/sct.d" -MT"Core/Src/sct.o" --specs=nano.specs -mfloat-abi=soft -mthumb -o "Core/Src/sct.o"
../Core/Src/main.c: In function 'main':
../Core/Src/main.c:86:3: warning: implicit declaration of function 'sct_init' [-Wimplicit-function-declaration]
   86 |   sct_init();
      |   ^~~~~~~~
../Core/Src/sct.c:31:40: error: conflicting types for 'value'; have 'uint8_t' {aka 'unsigned char'}
   31 | void sct_value(uint16_t value, uint8_t value){
      |                                ~~~~~~~~^~~~~
../Core/Src/sct.c:31:25: note: previous definition of 'value' with type 'uint16_t' {aka 'short unsigned int'}
   31 | void sct_value(uint16_t value, uint8_t value){
      |                ~~~~~~~~~^~~~~
../Core/Src/sct.c:31:6: error: conflicting types for 'sct_value'; have 'void(uint16_t,  uint8_t)' {aka 'void(short unsigned int,  unsigned char)'}
   31 | void sct_value(uint16_t value, uint8_t value){
      |      ^~~~~~~~~
In file included from ../Core/Src/sct.c:8:
../Core/Inc/sct.h:11:6: note: previous declaration of 'sct_value' with type 'void(uint16_t)' {aka 'void(short unsigned int)'}
   11 | void sct_value(uint16_t value);
      |      ^~~~~~~~~
../Core/Src/main.c:112:17: warning: implicit declaration of function 'sct_value' [-Wimplicit-function-declaration]
  112 |                 sct_value(raw_port*(500+1)/4096, raw_port*9/4096);
      |                 ^~~~~~~~~
../Core/Src/main.c:112:27: error: 'raw_port' undeclared (first use in this function); did you mean 'raw_pot'?
  112 |                 sct_value(raw_port*(500+1)/4096, raw_port*9/4096);
      |                           ^~~~~~~~
      |                           raw_pot
../Core/Src/main.c:112:27: note: each undeclared identifier is reported only once for each function it appears in
make: *** [Core/Src/subdir.mk:37: Core/Src/sct.o] Error 1
make: *** Waiting for unfinished jobs....
make: *** [Core/Src/subdir.mk:37: Core/Src/main.o] Error 1
"make -j4 all" terminated with exit code 2. Build might be incomplete.
15:48:18 **** Incremental Build of configuration Debug for project CV04 ****
make -j4 all 
arm-none-eabi-gcc "../Core/Src/main.c" -mcpu=cortex-m0 -std=gnu11 -g3 -DDEBUG -DUSE_HAL_DRIVER -DSTM32F030x8 -c -I../Core/Inc -I../Drivers/STM32F0xx_HAL_Driver/Inc -I../Drivers/STM32F0xx_HAL_Driver/Inc/Legacy -I../Drivers/CMSIS/Device/ST/STM32F0xx/Include -I../Drivers/CMSIS/Include -O0 -ffunction-sections -fdata-sections -Wall -fstack-usage -fcyclomatic-complexity -MMD -MP -MF"Core/Src/main.d" -MT"Core/Src/main.o" --specs=nano.specs -mfloat-abi=soft -mthumb -o "Core/Src/main.o"
arm-none-eabi-gcc "../Core/Src/sct.c" -mcpu=cortex-m0 -std=gnu11 -g3 -DDEBUG -DUSE_HAL_DRIVER -DSTM32F030x8 -c -I../Core/Inc -I../Drivers/STM32F0xx_HAL_Driver/Inc -I../Drivers/STM32F0xx_HAL_Driver/Inc/Legacy -I../Drivers/CMSIS/Device/ST/STM32F0xx/Include -I../Drivers/CMSIS/Include -O0 -ffunction-sections -fdata-sections -Wall -fstack-usage -fcyclomatic-complexity -MMD -MP -MF"Core/Src/sct.d" -MT"Core/Src/sct.o" --specs=nano.specs -mfloat-abi=soft -mthumb -o "Core/Src/sct.o"
../Core/Src/main.c: In function 'main':
../Core/Src/main.c:86:3: warning: implicit declaration of function 'sct_init' [-Wimplicit-function-declaration]
   86 |   sct_init();
      |   ^~~~~~~~
../Core/Src/sct.c:31:40: error: conflicting types for 'value'; have 'uint8_t' {aka 'unsigned char'}
   31 | void sct_value(uint16_t value, uint8_t value){
      |                                ~~~~~~~~^~~~~
../Core/Src/sct.c:31:25: note: previous definition of 'value' with type 'uint16_t' {aka 'short unsigned int'}
   31 | void sct_value(uint16_t value, uint8_t value){
      |                ~~~~~~~~~^~~~~
../Core/Src/sct.c:31:6: error: conflicting types for 'sct_value'; have 'void(uint16_t,  uint8_t)' {aka 'void(short unsigned int,  unsigned char)'}
   31 | void sct_value(uint16_t value, uint8_t value){
      |      ^~~~~~~~~
In file included from ../Core/Src/sct.c:8:
../Core/Inc/sct.h:11:6: note: previous declaration of 'sct_value' with type 'void(uint16_t)' {aka 'void(short unsigned int)'}
   11 | void sct_value(uint16_t value);
      |      ^~~~~~~~~
../Core/Src/main.c:112:17: warning: implicit declaration of function 'sct_value' [-Wimplicit-function-declaration]
  112 |                 sct_value(raw_port*(500+1)/4096, raw_port*9/4096);
      |                 ^~~~~~~~~
../Core/Src/main.c:112:27: error: 'raw_port' undeclared (first use in this function); did you mean 'raw_pot'?
  112 |                 sct_value(raw_port*(500+1)/4096, raw_port*9/4096);
      |                           ^~~~~~~~
      |                           raw_pot
../Core/Src/main.c:112:27: note: each undeclared identifier is reported only once for each function it appears in
make: *** [Core/Src/subdir.mk:37: Core/Src/sct.o] Error 1
make: *** Waiting for unfinished jobs....
make: *** [Core/Src/subdir.mk:37: Core/Src/main.o] Error 1
"make -j4 all" terminated with exit code 2. Build might be incomplete.
15:48:42 **** Incremental Build of configuration Debug for project CV04 ****
make -j4 all 
arm-none-eabi-gcc "../Core/Src/main.c" -mcpu=cortex-m0 -std=gnu11 -g3 -DDEBUG -DUSE_HAL_DRIVER -DSTM32F030x8 -c -I../Core/Inc -I../Drivers/STM32F0xx_HAL_Driver/Inc -I../Drivers/STM32F0xx_HAL_Driver/Inc/Legacy -I../Drivers/CMSIS/Device/ST/STM32F0xx/Include -I../Drivers/CMSIS/Include -O0 -ffunction-sections -fdata-sections -Wall -fstack-usage -fcyclomatic-complexity -MMD -MP -MF"Core/Src/main.d" -MT"Core/Src/main.o" --specs=nano.specs -mfloat-abi=soft -mthumb -o "Core/Src/main.o"
arm-none-eabi-gcc "../Core/Src/sct.c" -mcpu=cortex-m0 -std=gnu11 -g3 -DDEBUG -DUSE_HAL_DRIVER -DSTM32F030x8 -c -I../Core/Inc -I../Drivers/STM32F0xx_HAL_Driver/Inc -I../Drivers/STM32F0xx_HAL_Driver/Inc/Legacy -I../Drivers/CMSIS/Device/ST/STM32F0xx/Include -I../Drivers/CMSIS/Include -O0 -ffunction-sections -fdata-sections -Wall -fstack-usage -fcyclomatic-complexity -MMD -MP -MF"Core/Src/sct.d" -MT"Core/Src/sct.o" --specs=nano.specs -mfloat-abi=soft -mthumb -o "Core/Src/sct.o"
../Core/Src/main.c: In function 'main':
../Core/Src/main.c:87:3: warning: implicit declaration of function 'sct_init' [-Wimplicit-function-declaration]
   87 |   sct_init();
      |   ^~~~~~~~
../Core/Src/sct.c:31:40: error: conflicting types for 'value'; have 'uint8_t' {aka 'unsigned char'}
   31 | void sct_value(uint16_t value, uint8_t value){
      |                                ~~~~~~~~^~~~~
../Core/Src/sct.c:31:25: note: previous definition of 'value' with type 'uint16_t' {aka 'short unsigned int'}
   31 | void sct_value(uint16_t value, uint8_t value){
      |                ~~~~~~~~~^~~~~
../Core/Src/sct.c:31:6: error: conflicting types for 'sct_value'; have 'void(uint16_t,  uint8_t)' {aka 'void(short unsigned int,  unsigned char)'}
   31 | void sct_value(uint16_t value, uint8_t value){
      |      ^~~~~~~~~
In file included from ../Core/Src/sct.c:8:
../Core/Inc/sct.h:11:6: note: previous declaration of 'sct_value' with type 'void(uint16_t)' {aka 'void(short unsigned int)'}
   11 | void sct_value(uint16_t value);
      |      ^~~~~~~~~
../Core/Src/main.c:113:17: warning: implicit declaration of function 'sct_value' [-Wimplicit-function-declaration]
  113 |                 sct_value(raw_port*(500+1)/4096, raw_port*9/4096);
      |                 ^~~~~~~~~
../Core/Src/main.c:113:27: error: 'raw_port' undeclared (first use in this function); did you mean 'raw_pot'?
  113 |                 sct_value(raw_port*(500+1)/4096, raw_port*9/4096);
      |                           ^~~~~~~~
      |                           raw_pot
../Core/Src/main.c:113:27: note: each undeclared identifier is reported only once for each function it appears in
make: *** [Core/Src/subdir.mk:37: Core/Src/sct.o] Error 1
make: *** Waiting for unfinished jobs....
make: *** [Core/Src/subdir.mk:37: Core/Src/main.o] Error 1
"make -j4 all" terminated with exit code 2. Build might be incomplete.
15:48:50 **** Incremental Build of configuration Debug for project CV04 ****
make -j4 all 
arm-none-eabi-gcc "../Core/Src/main.c" -mcpu=cortex-m0 -std=gnu11 -g3 -DDEBUG -DUSE_HAL_DRIVER -DSTM32F030x8 -c -I../Core/Inc -I../Drivers/STM32F0xx_HAL_Driver/Inc -I../Drivers/STM32F0xx_HAL_Driver/Inc/Legacy -I../Drivers/CMSIS/Device/ST/STM32F0xx/Include -I../Drivers/CMSIS/Include -O0 -ffunction-sections -fdata-sections -Wall -fstack-usage -fcyclomatic-complexity -MMD -MP -MF"Core/Src/main.d" -MT"Core/Src/main.o" --specs=nano.specs -mfloat-abi=soft -mthumb -o "Core/Src/main.o"
arm-none-eabi-gcc "../Core/Src/sct.c" -mcpu=cortex-m0 -std=gnu11 -g3 -DDEBUG -DUSE_HAL_DRIVER -DSTM32F030x8 -c -I../Core/Inc -I../Drivers/STM32F0xx_HAL_Driver/Inc -I../Drivers/STM32F0xx_HAL_Driver/Inc/Legacy -I../Drivers/CMSIS/Device/ST/STM32F0xx/Include -I../Drivers/CMSIS/Include -O0 -ffunction-sections -fdata-sections -Wall -fstack-usage -fcyclomatic-complexity -MMD -MP -MF"Core/Src/sct.d" -MT"Core/Src/sct.o" --specs=nano.specs -mfloat-abi=soft -mthumb -o "Core/Src/sct.o"
../Core/Src/main.c: In function 'main':
../Core/Src/main.c:87:3: warning: implicit declaration of function 'sct_init' [-Wimplicit-function-declaration]
   87 |   sct_init();
      |   ^~~~~~~~
../Core/Src/main.c:113:17: warning: implicit declaration of function 'sct_value' [-Wimplicit-function-declaration]
  113 |                 sct_value(raw_port*(500+1)/4096, raw_port*9/4096);
      |                 ^~~~~~~~~
../Core/Src/main.c:113:27: error: 'raw_port' undeclared (first use in this function); did you mean 'raw_pot'?
  113 |                 sct_value(raw_port*(500+1)/4096, raw_port*9/4096);
      |                           ^~~~~~~~
      |                           raw_pot
../Core/Src/main.c:113:27: note: each undeclared identifier is reported only once for each function it appears in
../Core/Src/sct.c:31:40: error: conflicting types for 'value'; have 'uint8_t' {aka 'unsigned char'}
   31 | void sct_value(uint16_t value, uint8_t value){
      |                                ~~~~~~~~^~~~~
../Core/Src/sct.c:31:25: note: previous definition of 'value' with type 'uint16_t' {aka 'short unsigned int'}
   31 | void sct_value(uint16_t value, uint8_t value){
      |                ~~~~~~~~~^~~~~
../Core/Src/sct.c:31:6: error: conflicting types for 'sct_value'; have 'void(uint16_t,  uint8_t)' {aka 'void(short unsigned int,  unsigned char)'}
   31 | void sct_value(uint16_t value, uint8_t value){
      |      ^~~~~~~~~
In file included from ../Core/Src/sct.c:8:
../Core/Inc/sct.h:11:6: note: previous declaration of 'sct_value' with type 'void(uint16_t)' {aka 'void(short unsigned int)'}
   11 | void sct_value(uint16_t value);
      |      ^~~~~~~~~
make: *** [Core/Src/subdir.mk:37: Core/Src/sct.o] Error 1
make: *** Waiting for unfinished jobs....
make: *** [Core/Src/subdir.mk:37: Core/Src/main.o] Error 1
"make -j4 all" terminated with exit code 2. Build might be incomplete.
15:49:17 **** Incremental Build of configuration Debug for project CV04 ****
make -j4 all 
arm-none-eabi-gcc "../Core/Src/main.c" -mcpu=cortex-m0 -std=gnu11 -g3 -DDEBUG -DUSE_HAL_DRIVER -DSTM32F030x8 -c -I../Core/Inc -I../Drivers/STM32F0xx_HAL_Driver/Inc -I../Drivers/STM32F0xx_HAL_Driver/Inc/Legacy -I../Drivers/CMSIS/Device/ST/STM32F0xx/Include -I../Drivers/CMSIS/Include -O0 -ffunction-sections -fdata-sections -Wall -fstack-usage -fcyclomatic-complexity -MMD -MP -MF"Core/Src/main.d" -MT"Core/Src/main.o" --specs=nano.specs -mfloat-abi=soft -mthumb -o "Core/Src/main.o"
arm-none-eabi-gcc "../Core/Src/sct.c" -mcpu=cortex-m0 -std=gnu11 -g3 -DDEBUG -DUSE_HAL_DRIVER -DSTM32F030x8 -c -I../Core/Inc -I../Drivers/STM32F0xx_HAL_Driver/Inc -I../Drivers/STM32F0xx_HAL_Driver/Inc/Legacy -I../Drivers/CMSIS/Device/ST/STM32F0xx/Include -I../Drivers/CMSIS/Include -O0 -ffunction-sections -fdata-sections -Wall -fstack-usage -fcyclomatic-complexity -MMD -MP -MF"Core/Src/sct.d" -MT"Core/Src/sct.o" --specs=nano.specs -mfloat-abi=soft -mthumb -o "Core/Src/sct.o"
../Core/Src/main.c: In function 'main':
../Core/Src/main.c:87:3: warning: implicit declaration of function 'sct_init' [-Wimplicit-function-declaration]
   87 |   sct_init();
      |   ^~~~~~~~
../Core/Src/sct.c:31:40: error: conflicting types for 'value'; have 'uint8_t' {aka 'unsigned char'}
   31 | void sct_value(uint16_t value, uint8_t value){
      |                                ~~~~~~~~^~~~~
../Core/Src/sct.c:31:25: note: previous definition of 'value' with type 'uint16_t' {aka 'short unsigned int'}
   31 | void sct_value(uint16_t value, uint8_t value){
      |                ~~~~~~~~~^~~~~
../Core/Src/sct.c:31:6: error: conflicting types for 'sct_value'; have 'void(uint16_t,  uint8_t)' {aka 'void(short unsigned int,  unsigned char)'}
   31 | void sct_value(uint16_t value, uint8_t value){
      |      ^~~~~~~~~
In file included from ../Core/Src/sct.c:8:
../Core/Inc/sct.h:11:6: note: previous declaration of 'sct_value' with type 'void(uint16_t)' {aka 'void(short unsigned int)'}
   11 | void sct_value(uint16_t value);
      |      ^~~~~~~~~
../Core/Src/main.c:113:17: warning: implicit declaration of function 'sct_value' [-Wimplicit-function-declaration]
  113 |                 sct_value(raw_port*(500+1)/4096, raw_port*9/4096);
      |                 ^~~~~~~~~
../Core/Src/main.c:113:27: error: 'raw_port' undeclared (first use in this function); did you mean 'raw_pot'?
  113 |                 sct_value(raw_port*(500+1)/4096, raw_port*9/4096);
      |                           ^~~~~~~~
      |                           raw_pot
../Core/Src/main.c:113:27: note: each undeclared identifier is reported only once for each function it appears in
make: *** [Core/Src/subdir.mk:37: Core/Src/sct.o] Error 1
make: *** Waiting for unfinished jobs....
make: *** [Core/Src/subdir.mk:37: Core/Src/main.o] Error 1
"make -j4 all" terminated with exit code 2. Build might be incomplete.
15:50:14 **** Incremental Build of configuration Debug for project CV04 ****
make -j4 all 
arm-none-eabi-gcc "../Core/Src/main.c" -mcpu=cortex-m0 -std=gnu11 -g3 -DDEBUG -DUSE_HAL_DRIVER -DSTM32F030x8 -c -I../Core/Inc -I../Drivers/STM32F0xx_HAL_Driver/Inc -I../Drivers/STM32F0xx_HAL_Driver/Inc/Legacy -I../Drivers/CMSIS/Device/ST/STM32F0xx/Include -I../Drivers/CMSIS/Include -O0 -ffunction-sections -fdata-sections -Wall -fstack-usage -fcyclomatic-complexity -MMD -MP -MF"Core/Src/main.d" -MT"Core/Src/main.o" --specs=nano.specs -mfloat-abi=soft -mthumb -o "Core/Src/main.o"
arm-none-eabi-gcc "../Core/Src/sct.c" -mcpu=cortex-m0 -std=gnu11 -g3 -DDEBUG -DUSE_HAL_DRIVER -DSTM32F030x8 -c -I../Core/Inc -I../Drivers/STM32F0xx_HAL_Driver/Inc -I../Drivers/STM32F0xx_HAL_Driver/Inc/Legacy -I../Drivers/CMSIS/Device/ST/STM32F0xx/Include -I../Drivers/CMSIS/Include -O0 -ffunction-sections -fdata-sections -Wall -fstack-usage -fcyclomatic-complexity -MMD -MP -MF"Core/Src/sct.d" -MT"Core/Src/sct.o" --specs=nano.specs -mfloat-abi=soft -mthumb -o "Core/Src/sct.o"
../Core/Src/main.c: In function 'main':
../Core/Src/main.c:87:3: warning: implicit declaration of function 'sct_init' [-Wimplicit-function-declaration]
   87 |   sct_init();
      |   ^~~~~~~~
../Core/Src/main.c:113:17: warning: implicit declaration of function 'sct_value' [-Wimplicit-function-declaration]
  113 |                 sct_value(raw_port*(500+1)/4096, raw_port*9/4096);
      |                 ^~~~~~~~~
../Core/Src/main.c:113:27: error: 'raw_port' undeclared (first use in this function); did you mean 'raw_pot'?
  113 |                 sct_value(raw_port*(500+1)/4096, raw_port*9/4096);
      |                           ^~~~~~~~
      |                           raw_pot
../Core/Src/main.c:113:27: note: each undeclared identifier is reported only once for each function it appears in
In file included from ../Core/Src/sct.c:8:
../Core/Inc/sct.h:11:40: error: conflicting types for 'value'; have 'uint8_t' {aka 'unsigned char'}
   11 | void sct_value(uint16_t value, uint8_t value);
      |                                ~~~~~~~~^~~~~
../Core/Inc/sct.h:11:25: note: previous definition of 'value' with type 'uint16_t' {aka 'short unsigned int'}
   11 | void sct_value(uint16_t value, uint8_t value);
      |                ~~~~~~~~~^~~~~
../Core/Src/sct.c:31:40: error: conflicting types for 'value'; have 'uint8_t' {aka 'unsigned char'}
   31 | void sct_value(uint16_t value, uint8_t value){
      |                                ~~~~~~~~^~~~~
../Core/Src/sct.c:31:25: note: previous definition of 'value' with type 'uint16_t' {aka 'short unsigned int'}
   31 | void sct_value(uint16_t value, uint8_t value){
      |                ~~~~~~~~~^~~~~
make: *** [Core/Src/subdir.mk:37: Core/Src/main.o] Error 1
make: *** Waiting for unfinished jobs....
make: *** [Core/Src/subdir.mk:37: Core/Src/sct.o] Error 1
"make -j4 all" terminated with exit code 2. Build might be incomplete.
15:50:33 **** Incremental Build of configuration Debug for project CV04 ****
make -j4 all 
arm-none-eabi-gcc "../Core/Src/main.c" -mcpu=cortex-m0 -std=gnu11 -g3 -DDEBUG -DUSE_HAL_DRIVER -DSTM32F030x8 -c -I../Core/Inc -I../Drivers/STM32F0xx_HAL_Driver/Inc -I../Drivers/STM32F0xx_HAL_Driver/Inc/Legacy -I../Drivers/CMSIS/Device/ST/STM32F0xx/Include -I../Drivers/CMSIS/Include -O0 -ffunction-sections -fdata-sections -Wall -fstack-usage -fcyclomatic-complexity -MMD -MP -MF"Core/Src/main.d" -MT"Core/Src/main.o" --specs=nano.specs -mfloat-abi=soft -mthumb -o "Core/Src/main.o"
arm-none-eabi-gcc "../Core/Src/sct.c" -mcpu=cortex-m0 -std=gnu11 -g3 -DDEBUG -DUSE_HAL_DRIVER -DSTM32F030x8 -c -I../Core/Inc -I../Drivers/STM32F0xx_HAL_Driver/Inc -I../Drivers/STM32F0xx_HAL_Driver/Inc/Legacy -I../Drivers/CMSIS/Device/ST/STM32F0xx/Include -I../Drivers/CMSIS/Include -O0 -ffunction-sections -fdata-sections -Wall -fstack-usage -fcyclomatic-complexity -MMD -MP -MF"Core/Src/sct.d" -MT"Core/Src/sct.o" --specs=nano.specs -mfloat-abi=soft -mthumb -o "Core/Src/sct.o"
In file included from ../Core/Src/sct.c:8:
../Core/Inc/sct.h:11:40: error: conflicting types for 'value'; have 'uint8_t' {aka 'unsigned char'}
   11 | void sct_value(uint16_t value, uint8_t value);
      |                                ~~~~~~~~^~~~~
../Core/Src/main.c: In function 'main':
../Core/Src/main.c:87:3: warning: implicit declaration of function 'sct_init' [-Wimplicit-function-declaration]
   87 |   sct_init();
      |   ^~~~~~~~
../Core/Inc/sct.h:11:25: note: previous definition of 'value' with type 'uint16_t' {aka 'short unsigned int'}
   11 | void sct_value(uint16_t value, uint8_t value);
      |                ~~~~~~~~~^~~~~
../Core/Src/sct.c:31:40: error: conflicting types for 'value'; have 'uint8_t' {aka 'unsigned char'}
   31 | void sct_value(uint16_t value, uint8_t value){
      |                                ~~~~~~~~^~~~~
../Core/Src/sct.c:31:25: note: previous definition of 'value' with type 'uint16_t' {aka 'short unsigned int'}
   31 | void sct_value(uint16_t value, uint8_t value){
      |                ~~~~~~~~~^~~~~
../Core/Src/main.c:113:17: warning: implicit declaration of function 'sct_value' [-Wimplicit-function-declaration]
  113 |                 sct_value(raw_pot*(500+1)/4096, raw_port*9/4096);
      |                 ^~~~~~~~~
../Core/Src/main.c:113:49: error: 'raw_port' undeclared (first use in this function); did you mean 'raw_pot'?
  113 |                 sct_value(raw_pot*(500+1)/4096, raw_port*9/4096);
      |                                                 ^~~~~~~~
      |                                                 raw_pot
../Core/Src/main.c:113:49: note: each undeclared identifier is reported only once for each function it appears in
make: *** [Core/Src/subdir.mk:37: Core/Src/sct.o] Error 1
make: *** Waiting for unfinished jobs....
make: *** [Core/Src/subdir.mk:37: Core/Src/main.o] Error 1
"make -j4 all" terminated with exit code 2. Build might be incomplete.
15:51:17 **** Incremental Build of configuration Debug for project CV04 ****
make -j4 all 
arm-none-eabi-gcc "../Core/Src/main.c" -mcpu=cortex-m0 -std=gnu11 -g3 -DDEBUG -DUSE_HAL_DRIVER -DSTM32F030x8 -c -I../Core/Inc -I../Drivers/STM32F0xx_HAL_Driver/Inc -I../Drivers/STM32F0xx_HAL_Driver/Inc/Legacy -I../Drivers/CMSIS/Device/ST/STM32F0xx/Include -I../Drivers/CMSIS/Include -O0 -ffunction-sections -fdata-sections -Wall -fstack-usage -fcyclomatic-complexity -MMD -MP -MF"Core/Src/main.d" -MT"Core/Src/main.o" --specs=nano.specs -mfloat-abi=soft -mthumb -o "Core/Src/main.o"
arm-none-eabi-gcc "../Core/Src/sct.c" -mcpu=cortex-m0 -std=gnu11 -g3 -DDEBUG -DUSE_HAL_DRIVER -DSTM32F030x8 -c -I../Core/Inc -I../Drivers/STM32F0xx_HAL_Driver/Inc -I../Drivers/STM32F0xx_HAL_Driver/Inc/Legacy -I../Drivers/CMSIS/Device/ST/STM32F0xx/Include -I../Drivers/CMSIS/Include -O0 -ffunction-sections -fdata-sections -Wall -fstack-usage -fcyclomatic-complexity -MMD -MP -MF"Core/Src/sct.d" -MT"Core/Src/sct.o" --specs=nano.specs -mfloat-abi=soft -mthumb -o "Core/Src/sct.o"
../Core/Src/main.c: In function 'main':
../Core/Src/main.c:87:3: warning: implicit declaration of function 'sct_init' [-Wimplicit-function-declaration]
   87 |   sct_init();
      |   ^~~~~~~~
In file included from ../Core/Src/sct.c:8:
../Core/Inc/sct.h:11:41: error: redefinition of parameter 'value'
   11 | void sct_value(uint16_t value, uint16_t value);
      |                                ~~~~~~~~~^~~~~
../Core/Inc/sct.h:11:25: note: previous definition of 'value' with type 'uint16_t' {aka 'short unsigned int'}
   11 | void sct_value(uint16_t value, uint16_t value);
      |                ~~~~~~~~~^~~~~
../Core/Src/sct.c:31:41: error: redefinition of parameter 'value'
   31 | void sct_value(uint16_t value, uint16_t value){
      |                                ~~~~~~~~~^~~~~
../Core/Src/sct.c:31:25: note: previous definition of 'value' with type 'uint16_t' {aka 'short unsigned int'}
   31 | void sct_value(uint16_t value, uint16_t value){
      |                ~~~~~~~~~^~~~~
../Core/Src/main.c:113:17: warning: implicit declaration of function 'sct_value' [-Wimplicit-function-declaration]
  113 |                 sct_value(raw_pot*(500+1)/4096, raw_port*9/4096);
      |                 ^~~~~~~~~
../Core/Src/main.c:113:49: error: 'raw_port' undeclared (first use in this function); did you mean 'raw_pot'?
  113 |                 sct_value(raw_pot*(500+1)/4096, raw_port*9/4096);
      |                                                 ^~~~~~~~
      |                                                 raw_pot
../Core/Src/main.c:113:49: note: each undeclared identifier is reported only once for each function it appears in
make: *** [Core/Src/subdir.mk:37: Core/Src/sct.o] Error 1
make: *** Waiting for unfinished jobs....
make: *** [Core/Src/subdir.mk:37: Core/Src/main.o] Error 1
"make -j4 all" terminated with exit code 2. Build might be incomplete.
15:52:22 **** Incremental Build of configuration Debug for project CV04 ****
make -j4 all 
arm-none-eabi-gcc "../Core/Src/main.c" -mcpu=cortex-m0 -std=gnu11 -g3 -DDEBUG -DUSE_HAL_DRIVER -DSTM32F030x8 -c -I../Core/Inc -I../Drivers/STM32F0xx_HAL_Driver/Inc -I../Drivers/STM32F0xx_HAL_Driver/Inc/Legacy -I../Drivers/CMSIS/Device/ST/STM32F0xx/Include -I../Drivers/CMSIS/Include -O0 -ffunction-sections -fdata-sections -Wall -fstack-usage -fcyclomatic-complexity -MMD -MP -MF"Core/Src/main.d" -MT"Core/Src/main.o" --specs=nano.specs -mfloat-abi=soft -mthumb -o "Core/Src/main.o"
arm-none-eabi-gcc "../Core/Src/sct.c" -mcpu=cortex-m0 -std=gnu11 -g3 -DDEBUG -DUSE_HAL_DRIVER -DSTM32F030x8 -c -I../Core/Inc -I../Drivers/STM32F0xx_HAL_Driver/Inc -I../Drivers/STM32F0xx_HAL_Driver/Inc/Legacy -I../Drivers/CMSIS/Device/ST/STM32F0xx/Include -I../Drivers/CMSIS/Include -O0 -ffunction-sections -fdata-sections -Wall -fstack-usage -fcyclomatic-complexity -MMD -MP -MF"Core/Src/sct.d" -MT"Core/Src/sct.o" --specs=nano.specs -mfloat-abi=soft -mthumb -o "Core/Src/sct.o"
../Core/Src/main.c: In function 'main':
../Core/Src/main.c:87:3: warning: implicit declaration of function 'sct_init' [-Wimplicit-function-declaration]
   87 |   sct_init();
      |   ^~~~~~~~
../Core/Src/main.c:113:17: warning: implicit declaration of function 'sct_value' [-Wimplicit-function-declaration]
  113 |                 sct_value(raw_pot*(500+1)/4096, raw_port*9/4096);
      |                 ^~~~~~~~~
../Core/Src/main.c:113:49: error: 'raw_port' undeclared (first use in this function); did you mean 'raw_pot'?
  113 |                 sct_value(raw_pot*(500+1)/4096, raw_port*9/4096);
      |                                                 ^~~~~~~~
      |                                                 raw_pot
../Core/Src/main.c:113:49: note: each undeclared identifier is reported only once for each function it appears in
make: *** [Core/Src/subdir.mk:37: Core/Src/main.o] Error 1
make: *** Waiting for unfinished jobs....
"make -j4 all" terminated with exit code 2. Build might be incomplete.
15:52:32 **** Incremental Build of configuration Debug for project CV04 ****
make -j4 all 
arm-none-eabi-gcc "../Core/Src/main.c" -mcpu=cortex-m0 -std=gnu11 -g3 -DDEBUG -DUSE_HAL_DRIVER -DSTM32F030x8 -c -I../Core/Inc -I../Drivers/STM32F0xx_HAL_Driver/Inc -I../Drivers/STM32F0xx_HAL_Driver/Inc/Legacy -I../Drivers/CMSIS/Device/ST/STM32F0xx/Include -I../Drivers/CMSIS/Include -O0 -ffunction-sections -fdata-sections -Wall -fstack-usage -fcyclomatic-complexity -MMD -MP -MF"Core/Src/main.d" -MT"Core/Src/main.o" --specs=nano.specs -mfloat-abi=soft -mthumb -o "Core/Src/main.o"
../Core/Src/main.c: In function 'main':
../Core/Src/main.c:87:3: warning: implicit declaration of function 'sct_init' [-Wimplicit-function-declaration]
   87 |   sct_init();
      |   ^~~~~~~~
../Core/Src/main.c:113:17: warning: implicit declaration of function 'sct_value' [-Wimplicit-function-declaration]
  113 |                 sct_value(raw_pot*(500+1)/4096, raw_pot*9/4096);
      |                 ^~~~~~~~~
arm-none-eabi-gcc -o "CV04.elf" @"objects.list"   -mcpu=cortex-m0 -T"C:\Temp\Caban\Microcontrollers-And-Embedded-Systems\CV04\CV04\STM32F030R8TX_FLASH.ld" --specs=nosys.specs -Wl,-Map="CV04.map" -Wl,--gc-sections -static --specs=nano.specs -mfloat-abi=soft -mthumb -Wl,--start-group -lc -lm -Wl,--end-group
Finished building target: CV04.elf
 
arm-none-eabi-size   CV04.elf 
arm-none-eabi-objdump -h -S  CV04.elf  > "CV04.list"
   text	   data	    bss	    dec	    hex	filename
  10568	     20	   1772	  12360	   3048	CV04.elf
Finished building: default.size.stdout
 
Finished building: CV04.list
 
15:53:03 **** Incremental Build of configuration Debug for project CV04 ****
make -j4 all 
arm-none-eabi-size   CV04.elf 
   text	   data	    bss	    dec	    hex	filename
  10568	     20	   1772	  12360	   3048	CV04.elf
Finished building: default.size.stdout
 
15:53:34 **** Incremental Build of configuration Debug for project CV04 ****
make -j4 all 
arm-none-eabi-size   CV04.elf 
   text	   data	    bss	    dec	    hex	filename
  10568	     20	   1772	  12360	   3048	CV04.elf
Finished building: default.size.stdout
 
15:53:50 **** Incremental Build of configuration Debug for project CV04 ****
make -j4 all 
arm-none-eabi-size   CV04.elf 
   text	   data	    bss	    dec	    hex	filename
  10568	     20	   1772	  12360	   3048	CV04.elf
Finished building: default.size.stdout
 
15:55:01 **** Incremental Build of configuration Debug for project CV04 ****
make -j4 all 
arm-none-eabi-size   CV04.elf 
   text	   data	    bss	    dec	    hex	filename
  10568	     20	   1772	  12360	   3048	CV04.elf
Finished building: default.size.stdout
 
15:56:10 **** Incremental Build of configuration Debug for project CV04 ****
make -j4 all 
arm-none-eabi-gcc "../Core/Src/main.c" -mcpu=cortex-m0 -std=gnu11 -g3 -DDEBUG -DUSE_HAL_DRIVER -DSTM32F030x8 -c -I../Core/Inc -I../Drivers/STM32F0xx_HAL_Driver/Inc -I../Drivers/STM32F0xx_HAL_Driver/Inc/Legacy -I../Drivers/CMSIS/Device/ST/STM32F0xx/Include -I../Drivers/CMSIS/Include -O0 -ffunction-sections -fdata-sections -Wall -fstack-usage -fcyclomatic-complexity -MMD -MP -MF"Core/Src/main.d" -MT"Core/Src/main.o" --specs=nano.specs -mfloat-abi=soft -mthumb -o "Core/Src/main.o"
../Core/Src/main.c: In function 'main':
../Core/Src/main.c:102:3: warning: implicit declaration of function 'sct_init' [-Wimplicit-function-declaration]
  102 |   sct_init();
      |   ^~~~~~~~
../Core/Src/main.c:113:17: warning: implicit declaration of function 'sct_value' [-Wimplicit-function-declaration]
  113 |                 sct_value(raw_pot*(500+1)/4096, raw_pot*9/4096);
      |                 ^~~~~~~~~
arm-none-eabi-gcc -o "CV04.elf" @"objects.list"   -mcpu=cortex-m0 -T"C:\Temp\Caban\Microcontrollers-And-Embedded-Systems\CV04\CV04\STM32F030R8TX_FLASH.ld" --specs=nosys.specs -Wl,-Map="CV04.map" -Wl,--gc-sections -static --specs=nano.specs -mfloat-abi=soft -mthumb -Wl,--start-group -lc -lm -Wl,--end-group
Finished building target: CV04.elf
 
arm-none-eabi-size   CV04.elf 
arm-none-eabi-objdump -h -S  CV04.elf  > "CV04.list"
   text	   data	    bss	    dec	    hex	filename
  10568	     20	   1772	  12360	   3048	CV04.elf
Finished building: default.size.stdout
 
Finished building: CV04.list
 
15:57:26 **** Incremental Build of configuration Debug for project CV04 ****
make -j4 all 
arm-none-eabi-size   CV04.elf 
   text	   data	    bss	    dec	    hex	filename
  10568	     20	   1772	  12360	   3048	CV04.elf
Finished building: default.size.stdout
 
15:58:39 **** Incremental Build of configuration Debug for project CV04 ****
make -j4 all 
arm-none-eabi-gcc "../Core/Src/sct.c" -mcpu=cortex-m0 -std=gnu11 -g3 -DDEBUG -DUSE_HAL_DRIVER -DSTM32F030x8 -c -I../Core/Inc -I../Drivers/STM32F0xx_HAL_Driver/Inc -I../Drivers/STM32F0xx_HAL_Driver/Inc/Legacy -I../Drivers/CMSIS/Device/ST/STM32F0xx/Include -I../Drivers/CMSIS/Include -O0 -ffunction-sections -fdata-sections -Wall -fstack-usage -fcyclomatic-complexity -MMD -MP -MF"Core/Src/sct.d" -MT"Core/Src/sct.o" --specs=nano.specs -mfloat-abi=soft -mthumb -o "Core/Src/sct.o"
arm-none-eabi-gcc -o "CV04.elf" @"objects.list"   -mcpu=cortex-m0 -T"C:\Temp\Caban\Microcontrollers-And-Embedded-Systems\CV04\CV04\STM32F030R8TX_FLASH.ld" --specs=nosys.specs -Wl,-Map="CV04.map" -Wl,--gc-sections -static --specs=nano.specs -mfloat-abi=soft -mthumb -Wl,--start-group -lc -lm -Wl,--end-group
Finished building target: CV04.elf
 
arm-none-eabi-size   CV04.elf 
arm-none-eabi-objdump -h -S  CV04.elf  > "CV04.list"
   text	   data	    bss	    dec	    hex	filename
  10568	     20	   1772	  12360	   3048	CV04.elf
Finished building: default.size.stdout
 
Finished building: CV04.list
 
16:01:14 **** Clean-only build of configuration Debug for project CV03 ****
make -j4 clean 
rm -rf ./Drivers/STM32F0xx_HAL_Driver/Src/stm32f0xx_hal.cyclo ./Drivers/STM32F0xx_HAL_Driver/Src/stm32f0xx_hal.d ./Drivers/STM32F0xx_HAL_Driver/Src/stm32f0xx_hal.o ./Drivers/STM32F0xx_HAL_Driver/Src/stm32f0xx_hal.su ./Drivers/STM32F0xx_HAL_Driver/Src/stm32f0xx_hal_cortex.cyclo ./Drivers/STM32F0xx_HAL_Driver/Src/stm32f0xx_hal_cortex.d ./Drivers/STM32F0xx_HAL_Driver/Src/stm32f0xx_hal_cortex.o ./Drivers/STM32F0xx_HAL_Driver/Src/stm32f0xx_hal_cortex.su ./Drivers/STM32F0xx_HAL_Driver/Src/stm32f0xx_hal_dma.cyclo ./Drivers/STM32F0xx_HAL_Driver/Src/stm32f0xx_hal_dma.d ./Drivers/STM32F0xx_HAL_Driver/Src/stm32f0xx_hal_dma.o ./Drivers/STM32F0xx_HAL_Driver/Src/stm32f0xx_hal_dma.su ./Drivers/STM32F0xx_HAL_Driver/Src/stm32f0xx_hal_exti.cyclo ./Drivers/STM32F0xx_HAL_Driver/Src/stm32f0xx_hal_exti.d ./Drivers/STM32F0xx_HAL_Driver/Src/stm32f0xx_hal_exti.o ./Drivers/STM32F0xx_HAL_Driver/Src/stm32f0xx_hal_exti.su ./Drivers/STM32F0xx_HAL_Driver/Src/stm32f0xx_hal_flash.cyclo ./Drivers/STM32F0xx_HAL_Driver/Src/stm32f0xx_hal_flash.d ./Drivers/STM32F0xx_HAL_Driver/Src/stm32f0xx_hal_flash.o ./Drivers/STM32F0xx_HAL_Driver/Src/stm32f0xx_hal_flash.su ./Drivers/STM32F0xx_HAL_Driver/Src/stm32f0xx_hal_flash_ex.cyclo ./Drivers/STM32F0xx_HAL_Driver/Src/stm32f0xx_hal_flash_ex.d ./Drivers/STM32F0xx_HAL_Driver/Src/stm32f0xx_hal_flash_ex.o ./Drivers/STM32F0xx_HAL_Driver/Src/stm32f0xx_hal_flash_ex.su ./Drivers/STM32F0xx_HAL_Driver/Src/stm32f0xx_hal_gpio.cyclo ./Drivers/STM32F0xx_HAL_Driver/Src/stm32f0xx_hal_gpio.d ./Drivers/STM32F0xx_HAL_Driver/Src/stm32f0xx_hal_gpio.o ./Drivers/STM32F0xx_HAL_Driver/Src/stm32f0xx_hal_gpio.su ./Drivers/STM32F0xx_HAL_Driver/Src/stm32f0xx_hal_i2c.cyclo ./Drivers/STM32F0xx_HAL_Driver/Src/stm32f0xx_hal_i2c.d ./Drivers/STM32F0xx_HAL_Driver/Src/stm32f0xx_hal_i2c.o ./Drivers/STM32F0xx_HAL_Driver/Src/stm32f0xx_hal_i2c.su ./Drivers/STM32F0xx_HAL_Driver/Src/stm32f0xx_hal_i2c_ex.cyclo ./Drivers/STM32F0xx_HAL_Driver/Src/stm32f0xx_hal_i2c_ex.d ./Drivers/STM32F0xx_HAL_Driver/Src/stm32f0xx_hal_i2c_ex.o ./Drivers/STM32F0xx_HAL_Driver/Src/stm32f0xx_hal_i2c_ex.su ./Drivers/STM32F0xx_HAL_Driver/Src/stm32f0xx_hal_pwr.cyclo ./Drivers/STM32F0xx_HAL_Driver/Src/stm32f0xx_hal_pwr.d ./Drivers/STM32F0xx_HAL_Driver/Src/stm32f0xx_hal_pwr.o ./Drivers/STM32F0xx_HAL_Driver/Src/stm32f0xx_hal_pwr.su ./Drivers/STM32F0xx_HAL_Driver/Src/stm32f0xx_hal_pwr_ex.cyclo ./Drivers/STM32F0xx_HAL_Driver/Src/stm32f0xx_hal_pwr_ex.d ./Drivers/STM32F0xx_HAL_Driver/Src/stm32f0xx_hal_pwr_ex.o ./Drivers/STM32F0xx_HAL_Driver/Src/stm32f0xx_hal_pwr_ex.su ./Drivers/STM32F0xx_HAL_Driver/Src/stm32f0xx_hal_rcc.cyclo ./Drivers/STM32F0xx_HAL_Driver/Src/stm32f0xx_hal_rcc.d ./Drivers/STM32F0xx_HAL_Driver/Src/stm32f0xx_hal_rcc.o ./Drivers/STM32F0xx_HAL_Driver/Src/stm32f0xx_hal_rcc.su ./Drivers/STM32F0xx_HAL_Driver/Src/stm32f0xx_hal_rcc_ex.cyclo ./Drivers/STM32F0xx_HAL_Driver/Src/stm32f0xx_hal_rcc_ex.d ./Drivers/STM32F0xx_HAL_Driver/Src/stm32f0xx_hal_rcc_ex.o ./Drivers/STM32F0xx_HAL_Driver/Src/stm32f0xx_hal_rcc_ex.su ./Drivers/STM32F0xx_HAL_Driver/Src/stm32f0xx_hal_tim.cyclo ./Drivers/STM32F0xx_HAL_Driver/Src/stm32f0xx_hal_tim.d ./Drivers/STM32F0xx_HAL_Driver/Src/stm32f0xx_hal_tim.o ./Drivers/STM32F0xx_HAL_Driver/Src/stm32f0xx_hal_tim.su ./Drivers/STM32F0xx_HAL_Driver/Src/stm32f0xx_hal_tim_ex.cyclo ./Drivers/STM32F0xx_HAL_Driver/Src/stm32f0xx_hal_tim_ex.d ./Drivers/STM32F0xx_HAL_Driver/Src/stm32f0xx_hal_tim_ex.o ./Drivers/STM32F0xx_HAL_Driver/Src/stm32f0xx_hal_tim_ex.su ./Drivers/STM32F0xx_HAL_Driver/Src/stm32f0xx_hal_uart.cyclo ./Drivers/STM32F0xx_HAL_Driver/Src/stm32f0xx_hal_uart.d ./Drivers/STM32F0xx_HAL_Driver/Src/stm32f0xx_hal_uart.o ./Drivers/STM32F0xx_HAL_Driver/Src/stm32f0xx_hal_uart.su ./Drivers/STM32F0xx_HAL_Driver/Src/stm32f0xx_hal_uart_ex.cyclo ./Drivers/STM32F0xx_HAL_Driver/Src/stm32f0xx_hal_uart_ex.d ./Drivers/STM32F0xx_HAL_Driver/Src/stm32f0xx_hal_uart_ex.o ./Drivers/STM32F0xx_HAL_Driver/Src/stm32f0xx_hal_uart_ex.su
rm -rf ./Core/Startup/startup_stm32f030r8tx.d ./Core/Startup/startup_stm32f030r8tx.o
rm -rf ./Core/Src/main.cyclo ./Core/Src/main.d ./Core/Src/main.o ./Core/Src/main.su ./Core/Src/sct.cyclo ./Core/Src/sct.d ./Core/Src/sct.o ./Core/Src/sct.su ./Core/Src/stm32f0xx_hal_msp.cyclo ./Core/Src/stm32f0xx_hal_msp.d ./Core/Src/stm32f0xx_hal_msp.o ./Core/Src/stm32f0xx_hal_msp.su ./Core/Src/stm32f0xx_it.cyclo ./Core/Src/stm32f0xx_it.d ./Core/Src/stm32f0xx_it.o ./Core/Src/stm32f0xx_it.su ./Core/Src/syscalls.cyclo ./Core/Src/syscalls.d ./Core/Src/syscalls.o ./Core/Src/syscalls.su ./Core/Src/sysmem.cyclo ./Core/Src/sysmem.d ./Core/Src/sysmem.o ./Core/Src/sysmem.su ./Core/Src/system_stm32f0xx.cyclo ./Core/Src/system_stm32f0xx.d ./Core/Src/system_stm32f0xx.o ./Core/Src/system_stm32f0xx.su
rm -rf CV03.elf CV03.list CV03.map default.size.stdout
 
16:01:14 **** Build of configuration Debug for project CV03 ****
make -j4 all 
arm-none-eabi-gcc "../Drivers/STM32F0xx_HAL_Driver/Src/stm32f0xx_hal.c" -mcpu=cortex-m0 -std=gnu11 -g3 -DDEBUG -DUSE_HAL_DRIVER -DSTM32F030x8 -c -I../Core/Inc -I../Drivers/STM32F0xx_HAL_Driver/Inc -I../Drivers/STM32F0xx_HAL_Driver/Inc/Legacy -I../Drivers/CMSIS/Device/ST/STM32F0xx/Include -I../Drivers/CMSIS/Include -O0 -ffunction-sections -fdata-sections -Wall -fstack-usage -fcyclomatic-complexity -MMD -MP -MF"Drivers/STM32F0xx_HAL_Driver/Src/stm32f0xx_hal.d" -MT"Drivers/STM32F0xx_HAL_Driver/Src/stm32f0xx_hal.o" --specs=nano.specs -mfloat-abi=soft -mthumb -o "Drivers/STM32F0xx_HAL_Driver/Src/stm32f0xx_hal.o"
arm-none-eabi-gcc "../Drivers/STM32F0xx_HAL_Driver/Src/stm32f0xx_hal_cortex.c" -mcpu=cortex-m0 -std=gnu11 -g3 -DDEBUG -DUSE_HAL_DRIVER -DSTM32F030x8 -c -I../Core/Inc -I../Drivers/STM32F0xx_HAL_Driver/Inc -I../Drivers/STM32F0xx_HAL_Driver/Inc/Legacy -I../Drivers/CMSIS/Device/ST/STM32F0xx/Include -I../Drivers/CMSIS/Include -O0 -ffunction-sections -fdata-sections -Wall -fstack-usage -fcyclomatic-complexity -MMD -MP -MF"Drivers/STM32F0xx_HAL_Driver/Src/stm32f0xx_hal_cortex.d" -MT"Drivers/STM32F0xx_HAL_Driver/Src/stm32f0xx_hal_cortex.o" --specs=nano.specs -mfloat-abi=soft -mthumb -o "Drivers/STM32F0xx_HAL_Driver/Src/stm32f0xx_hal_cortex.o"
arm-none-eabi-gcc "../Drivers/STM32F0xx_HAL_Driver/Src/stm32f0xx_hal_dma.c" -mcpu=cortex-m0 -std=gnu11 -g3 -DDEBUG -DUSE_HAL_DRIVER -DSTM32F030x8 -c -I../Core/Inc -I../Drivers/STM32F0xx_HAL_Driver/Inc -I../Drivers/STM32F0xx_HAL_Driver/Inc/Legacy -I../Drivers/CMSIS/Device/ST/STM32F0xx/Include -I../Drivers/CMSIS/Include -O0 -ffunction-sections -fdata-sections -Wall -fstack-usage -fcyclomatic-complexity -MMD -MP -MF"Drivers/STM32F0xx_HAL_Driver/Src/stm32f0xx_hal_dma.d" -MT"Drivers/STM32F0xx_HAL_Driver/Src/stm32f0xx_hal_dma.o" --specs=nano.specs -mfloat-abi=soft -mthumb -o "Drivers/STM32F0xx_HAL_Driver/Src/stm32f0xx_hal_dma.o"
arm-none-eabi-gcc "../Drivers/STM32F0xx_HAL_Driver/Src/stm32f0xx_hal_exti.c" -mcpu=cortex-m0 -std=gnu11 -g3 -DDEBUG -DUSE_HAL_DRIVER -DSTM32F030x8 -c -I../Core/Inc -I../Drivers/STM32F0xx_HAL_Driver/Inc -I../Drivers/STM32F0xx_HAL_Driver/Inc/Legacy -I../Drivers/CMSIS/Device/ST/STM32F0xx/Include -I../Drivers/CMSIS/Include -O0 -ffunction-sections -fdata-sections -Wall -fstack-usage -fcyclomatic-complexity -MMD -MP -MF"Drivers/STM32F0xx_HAL_Driver/Src/stm32f0xx_hal_exti.d" -MT"Drivers/STM32F0xx_HAL_Driver/Src/stm32f0xx_hal_exti.o" --specs=nano.specs -mfloat-abi=soft -mthumb -o "Drivers/STM32F0xx_HAL_Driver/Src/stm32f0xx_hal_exti.o"
arm-none-eabi-gcc "../Drivers/STM32F0xx_HAL_Driver/Src/stm32f0xx_hal_flash.c" -mcpu=cortex-m0 -std=gnu11 -g3 -DDEBUG -DUSE_HAL_DRIVER -DSTM32F030x8 -c -I../Core/Inc -I../Drivers/STM32F0xx_HAL_Driver/Inc -I../Drivers/STM32F0xx_HAL_Driver/Inc/Legacy -I../Drivers/CMSIS/Device/ST/STM32F0xx/Include -I../Drivers/CMSIS/Include -O0 -ffunction-sections -fdata-sections -Wall -fstack-usage -fcyclomatic-complexity -MMD -MP -MF"Drivers/STM32F0xx_HAL_Driver/Src/stm32f0xx_hal_flash.d" -MT"Drivers/STM32F0xx_HAL_Driver/Src/stm32f0xx_hal_flash.o" --specs=nano.specs -mfloat-abi=soft -mthumb -o "Drivers/STM32F0xx_HAL_Driver/Src/stm32f0xx_hal_flash.o"
arm-none-eabi-gcc "../Drivers/STM32F0xx_HAL_Driver/Src/stm32f0xx_hal_flash_ex.c" -mcpu=cortex-m0 -std=gnu11 -g3 -DDEBUG -DUSE_HAL_DRIVER -DSTM32F030x8 -c -I../Core/Inc -I../Drivers/STM32F0xx_HAL_Driver/Inc -I../Drivers/STM32F0xx_HAL_Driver/Inc/Legacy -I../Drivers/CMSIS/Device/ST/STM32F0xx/Include -I../Drivers/CMSIS/Include -O0 -ffunction-sections -fdata-sections -Wall -fstack-usage -fcyclomatic-complexity -MMD -MP -MF"Drivers/STM32F0xx_HAL_Driver/Src/stm32f0xx_hal_flash_ex.d" -MT"Drivers/STM32F0xx_HAL_Driver/Src/stm32f0xx_hal_flash_ex.o" --specs=nano.specs -mfloat-abi=soft -mthumb -o "Drivers/STM32F0xx_HAL_Driver/Src/stm32f0xx_hal_flash_ex.o"
arm-none-eabi-gcc "../Drivers/STM32F0xx_HAL_Driver/Src/stm32f0xx_hal_gpio.c" -mcpu=cortex-m0 -std=gnu11 -g3 -DDEBUG -DUSE_HAL_DRIVER -DSTM32F030x8 -c -I../Core/Inc -I../Drivers/STM32F0xx_HAL_Driver/Inc -I../Drivers/STM32F0xx_HAL_Driver/Inc/Legacy -I../Drivers/CMSIS/Device/ST/STM32F0xx/Include -I../Drivers/CMSIS/Include -O0 -ffunction-sections -fdata-sections -Wall -fstack-usage -fcyclomatic-complexity -MMD -MP -MF"Drivers/STM32F0xx_HAL_Driver/Src/stm32f0xx_hal_gpio.d" -MT"Drivers/STM32F0xx_HAL_Driver/Src/stm32f0xx_hal_gpio.o" --specs=nano.specs -mfloat-abi=soft -mthumb -o "Drivers/STM32F0xx_HAL_Driver/Src/stm32f0xx_hal_gpio.o"
arm-none-eabi-gcc "../Drivers/STM32F0xx_HAL_Driver/Src/stm32f0xx_hal_i2c.c" -mcpu=cortex-m0 -std=gnu11 -g3 -DDEBUG -DUSE_HAL_DRIVER -DSTM32F030x8 -c -I../Core/Inc -I../Drivers/STM32F0xx_HAL_Driver/Inc -I../Drivers/STM32F0xx_HAL_Driver/Inc/Legacy -I../Drivers/CMSIS/Device/ST/STM32F0xx/Include -I../Drivers/CMSIS/Include -O0 -ffunction-sections -fdata-sections -Wall -fstack-usage -fcyclomatic-complexity -MMD -MP -MF"Drivers/STM32F0xx_HAL_Driver/Src/stm32f0xx_hal_i2c.d" -MT"Drivers/STM32F0xx_HAL_Driver/Src/stm32f0xx_hal_i2c.o" --specs=nano.specs -mfloat-abi=soft -mthumb -o "Drivers/STM32F0xx_HAL_Driver/Src/stm32f0xx_hal_i2c.o"
arm-none-eabi-gcc "../Drivers/STM32F0xx_HAL_Driver/Src/stm32f0xx_hal_i2c_ex.c" -mcpu=cortex-m0 -std=gnu11 -g3 -DDEBUG -DUSE_HAL_DRIVER -DSTM32F030x8 -c -I../Core/Inc -I../Drivers/STM32F0xx_HAL_Driver/Inc -I../Drivers/STM32F0xx_HAL_Driver/Inc/Legacy -I../Drivers/CMSIS/Device/ST/STM32F0xx/Include -I../Drivers/CMSIS/Include -O0 -ffunction-sections -fdata-sections -Wall -fstack-usage -fcyclomatic-complexity -MMD -MP -MF"Drivers/STM32F0xx_HAL_Driver/Src/stm32f0xx_hal_i2c_ex.d" -MT"Drivers/STM32F0xx_HAL_Driver/Src/stm32f0xx_hal_i2c_ex.o" --specs=nano.specs -mfloat-abi=soft -mthumb -o "Drivers/STM32F0xx_HAL_Driver/Src/stm32f0xx_hal_i2c_ex.o"
arm-none-eabi-gcc "../Drivers/STM32F0xx_HAL_Driver/Src/stm32f0xx_hal_pwr.c" -mcpu=cortex-m0 -std=gnu11 -g3 -DDEBUG -DUSE_HAL_DRIVER -DSTM32F030x8 -c -I../Core/Inc -I../Drivers/STM32F0xx_HAL_Driver/Inc -I../Drivers/STM32F0xx_HAL_Driver/Inc/Legacy -I../Drivers/CMSIS/Device/ST/STM32F0xx/Include -I../Drivers/CMSIS/Include -O0 -ffunction-sections -fdata-sections -Wall -fstack-usage -fcyclomatic-complexity -MMD -MP -MF"Drivers/STM32F0xx_HAL_Driver/Src/stm32f0xx_hal_pwr.d" -MT"Drivers/STM32F0xx_HAL_Driver/Src/stm32f0xx_hal_pwr.o" --specs=nano.specs -mfloat-abi=soft -mthumb -o "Drivers/STM32F0xx_HAL_Driver/Src/stm32f0xx_hal_pwr.o"
arm-none-eabi-gcc "../Drivers/STM32F0xx_HAL_Driver/Src/stm32f0xx_hal_pwr_ex.c" -mcpu=cortex-m0 -std=gnu11 -g3 -DDEBUG -DUSE_HAL_DRIVER -DSTM32F030x8 -c -I../Core/Inc -I../Drivers/STM32F0xx_HAL_Driver/Inc -I../Drivers/STM32F0xx_HAL_Driver/Inc/Legacy -I../Drivers/CMSIS/Device/ST/STM32F0xx/Include -I../Drivers/CMSIS/Include -O0 -ffunction-sections -fdata-sections -Wall -fstack-usage -fcyclomatic-complexity -MMD -MP -MF"Drivers/STM32F0xx_HAL_Driver/Src/stm32f0xx_hal_pwr_ex.d" -MT"Drivers/STM32F0xx_HAL_Driver/Src/stm32f0xx_hal_pwr_ex.o" --specs=nano.specs -mfloat-abi=soft -mthumb -o "Drivers/STM32F0xx_HAL_Driver/Src/stm32f0xx_hal_pwr_ex.o"
arm-none-eabi-gcc "../Drivers/STM32F0xx_HAL_Driver/Src/stm32f0xx_hal_rcc.c" -mcpu=cortex-m0 -std=gnu11 -g3 -DDEBUG -DUSE_HAL_DRIVER -DSTM32F030x8 -c -I../Core/Inc -I../Drivers/STM32F0xx_HAL_Driver/Inc -I../Drivers/STM32F0xx_HAL_Driver/Inc/Legacy -I../Drivers/CMSIS/Device/ST/STM32F0xx/Include -I../Drivers/CMSIS/Include -O0 -ffunction-sections -fdata-sections -Wall -fstack-usage -fcyclomatic-complexity -MMD -MP -MF"Drivers/STM32F0xx_HAL_Driver/Src/stm32f0xx_hal_rcc.d" -MT"Drivers/STM32F0xx_HAL_Driver/Src/stm32f0xx_hal_rcc.o" --specs=nano.specs -mfloat-abi=soft -mthumb -o "Drivers/STM32F0xx_HAL_Driver/Src/stm32f0xx_hal_rcc.o"
arm-none-eabi-gcc "../Drivers/STM32F0xx_HAL_Driver/Src/stm32f0xx_hal_rcc_ex.c" -mcpu=cortex-m0 -std=gnu11 -g3 -DDEBUG -DUSE_HAL_DRIVER -DSTM32F030x8 -c -I../Core/Inc -I../Drivers/STM32F0xx_HAL_Driver/Inc -I../Drivers/STM32F0xx_HAL_Driver/Inc/Legacy -I../Drivers/CMSIS/Device/ST/STM32F0xx/Include -I../Drivers/CMSIS/Include -O0 -ffunction-sections -fdata-sections -Wall -fstack-usage -fcyclomatic-complexity -MMD -MP -MF"Drivers/STM32F0xx_HAL_Driver/Src/stm32f0xx_hal_rcc_ex.d" -MT"Drivers/STM32F0xx_HAL_Driver/Src/stm32f0xx_hal_rcc_ex.o" --specs=nano.specs -mfloat-abi=soft -mthumb -o "Drivers/STM32F0xx_HAL_Driver/Src/stm32f0xx_hal_rcc_ex.o"
arm-none-eabi-gcc "../Drivers/STM32F0xx_HAL_Driver/Src/stm32f0xx_hal_tim.c" -mcpu=cortex-m0 -std=gnu11 -g3 -DDEBUG -DUSE_HAL_DRIVER -DSTM32F030x8 -c -I../Core/Inc -I../Drivers/STM32F0xx_HAL_Driver/Inc -I../Drivers/STM32F0xx_HAL_Driver/Inc/Legacy -I../Drivers/CMSIS/Device/ST/STM32F0xx/Include -I../Drivers/CMSIS/Include -O0 -ffunction-sections -fdata-sections -Wall -fstack-usage -fcyclomatic-complexity -MMD -MP -MF"Drivers/STM32F0xx_HAL_Driver/Src/stm32f0xx_hal_tim.d" -MT"Drivers/STM32F0xx_HAL_Driver/Src/stm32f0xx_hal_tim.o" --specs=nano.specs -mfloat-abi=soft -mthumb -o "Drivers/STM32F0xx_HAL_Driver/Src/stm32f0xx_hal_tim.o"
arm-none-eabi-gcc "../Drivers/STM32F0xx_HAL_Driver/Src/stm32f0xx_hal_tim_ex.c" -mcpu=cortex-m0 -std=gnu11 -g3 -DDEBUG -DUSE_HAL_DRIVER -DSTM32F030x8 -c -I../Core/Inc -I../Drivers/STM32F0xx_HAL_Driver/Inc -I../Drivers/STM32F0xx_HAL_Driver/Inc/Legacy -I../Drivers/CMSIS/Device/ST/STM32F0xx/Include -I../Drivers/CMSIS/Include -O0 -ffunction-sections -fdata-sections -Wall -fstack-usage -fcyclomatic-complexity -MMD -MP -MF"Drivers/STM32F0xx_HAL_Driver/Src/stm32f0xx_hal_tim_ex.d" -MT"Drivers/STM32F0xx_HAL_Driver/Src/stm32f0xx_hal_tim_ex.o" --specs=nano.specs -mfloat-abi=soft -mthumb -o "Drivers/STM32F0xx_HAL_Driver/Src/stm32f0xx_hal_tim_ex.o"
arm-none-eabi-gcc "../Drivers/STM32F0xx_HAL_Driver/Src/stm32f0xx_hal_uart.c" -mcpu=cortex-m0 -std=gnu11 -g3 -DDEBUG -DUSE_HAL_DRIVER -DSTM32F030x8 -c -I../Core/Inc -I../Drivers/STM32F0xx_HAL_Driver/Inc -I../Drivers/STM32F0xx_HAL_Driver/Inc/Legacy -I../Drivers/CMSIS/Device/ST/STM32F0xx/Include -I../Drivers/CMSIS/Include -O0 -ffunction-sections -fdata-sections -Wall -fstack-usage -fcyclomatic-complexity -MMD -MP -MF"Drivers/STM32F0xx_HAL_Driver/Src/stm32f0xx_hal_uart.d" -MT"Drivers/STM32F0xx_HAL_Driver/Src/stm32f0xx_hal_uart.o" --specs=nano.specs -mfloat-abi=soft -mthumb -o "Drivers/STM32F0xx_HAL_Driver/Src/stm32f0xx_hal_uart.o"
arm-none-eabi-gcc "../Drivers/STM32F0xx_HAL_Driver/Src/stm32f0xx_hal_uart_ex.c" -mcpu=cortex-m0 -std=gnu11 -g3 -DDEBUG -DUSE_HAL_DRIVER -DSTM32F030x8 -c -I../Core/Inc -I../Drivers/STM32F0xx_HAL_Driver/Inc -I../Drivers/STM32F0xx_HAL_Driver/Inc/Legacy -I../Drivers/CMSIS/Device/ST/STM32F0xx/Include -I../Drivers/CMSIS/Include -O0 -ffunction-sections -fdata-sections -Wall -fstack-usage -fcyclomatic-complexity -MMD -MP -MF"Drivers/STM32F0xx_HAL_Driver/Src/stm32f0xx_hal_uart_ex.d" -MT"Drivers/STM32F0xx_HAL_Driver/Src/stm32f0xx_hal_uart_ex.o" --specs=nano.specs -mfloat-abi=soft -mthumb -o "Drivers/STM32F0xx_HAL_Driver/Src/stm32f0xx_hal_uart_ex.o"
arm-none-eabi-gcc -mcpu=cortex-m0 -g3 -DDEBUG -c -x assembler-with-cpp -MMD -MP -MF"Core/Startup/startup_stm32f030r8tx.d" -MT"Core/Startup/startup_stm32f030r8tx.o" --specs=nano.specs -mfloat-abi=soft -mthumb -o "Core/Startup/startup_stm32f030r8tx.o" "../Core/Startup/startup_stm32f030r8tx.s"
arm-none-eabi-gcc "../Core/Src/main.c" -mcpu=cortex-m0 -std=gnu11 -g3 -DDEBUG -DUSE_HAL_DRIVER -DSTM32F030x8 -c -I../Core/Inc -I../Drivers/STM32F0xx_HAL_Driver/Inc -I../Drivers/STM32F0xx_HAL_Driver/Inc/Legacy -I../Drivers/CMSIS/Device/ST/STM32F0xx/Include -I../Drivers/CMSIS/Include -O0 -ffunction-sections -fdata-sections -Wall -fstack-usage -fcyclomatic-complexity -MMD -MP -MF"Core/Src/main.d" -MT"Core/Src/main.o" --specs=nano.specs -mfloat-abi=soft -mthumb -o "Core/Src/main.o"
arm-none-eabi-gcc "../Core/Src/sct.c" -mcpu=cortex-m0 -std=gnu11 -g3 -DDEBUG -DUSE_HAL_DRIVER -DSTM32F030x8 -c -I../Core/Inc -I../Drivers/STM32F0xx_HAL_Driver/Inc -I../Drivers/STM32F0xx_HAL_Driver/Inc/Legacy -I../Drivers/CMSIS/Device/ST/STM32F0xx/Include -I../Drivers/CMSIS/Include -O0 -ffunction-sections -fdata-sections -Wall -fstack-usage -fcyclomatic-complexity -MMD -MP -MF"Core/Src/sct.d" -MT"Core/Src/sct.o" --specs=nano.specs -mfloat-abi=soft -mthumb -o "Core/Src/sct.o"
arm-none-eabi-gcc "../Core/Src/stm32f0xx_hal_msp.c" -mcpu=cortex-m0 -std=gnu11 -g3 -DDEBUG -DUSE_HAL_DRIVER -DSTM32F030x8 -c -I../Core/Inc -I../Drivers/STM32F0xx_HAL_Driver/Inc -I../Drivers/STM32F0xx_HAL_Driver/Inc/Legacy -I../Drivers/CMSIS/Device/ST/STM32F0xx/Include -I../Drivers/CMSIS/Include -O0 -ffunction-sections -fdata-sections -Wall -fstack-usage -fcyclomatic-complexity -MMD -MP -MF"Core/Src/stm32f0xx_hal_msp.d" -MT"Core/Src/stm32f0xx_hal_msp.o" --specs=nano.specs -mfloat-abi=soft -mthumb -o "Core/Src/stm32f0xx_hal_msp.o"
arm-none-eabi-gcc "../Core/Src/stm32f0xx_it.c" -mcpu=cortex-m0 -std=gnu11 -g3 -DDEBUG -DUSE_HAL_DRIVER -DSTM32F030x8 -c -I../Core/Inc -I../Drivers/STM32F0xx_HAL_Driver/Inc -I../Drivers/STM32F0xx_HAL_Driver/Inc/Legacy -I../Drivers/CMSIS/Device/ST/STM32F0xx/Include -I../Drivers/CMSIS/Include -O0 -ffunction-sections -fdata-sections -Wall -fstack-usage -fcyclomatic-complexity -MMD -MP -MF"Core/Src/stm32f0xx_it.d" -MT"Core/Src/stm32f0xx_it.o" --specs=nano.specs -mfloat-abi=soft -mthumb -o "Core/Src/stm32f0xx_it.o"
arm-none-eabi-gcc "../Core/Src/syscalls.c" -mcpu=cortex-m0 -std=gnu11 -g3 -DDEBUG -DUSE_HAL_DRIVER -DSTM32F030x8 -c -I../Core/Inc -I../Drivers/STM32F0xx_HAL_Driver/Inc -I../Drivers/STM32F0xx_HAL_Driver/Inc/Legacy -I../Drivers/CMSIS/Device/ST/STM32F0xx/Include -I../Drivers/CMSIS/Include -O0 -ffunction-sections -fdata-sections -Wall -fstack-usage -fcyclomatic-complexity -MMD -MP -MF"Core/Src/syscalls.d" -MT"Core/Src/syscalls.o" --specs=nano.specs -mfloat-abi=soft -mthumb -o "Core/Src/syscalls.o"
arm-none-eabi-gcc "../Core/Src/sysmem.c" -mcpu=cortex-m0 -std=gnu11 -g3 -DDEBUG -DUSE_HAL_DRIVER -DSTM32F030x8 -c -I../Core/Inc -I../Drivers/STM32F0xx_HAL_Driver/Inc -I../Drivers/STM32F0xx_HAL_Driver/Inc/Legacy -I../Drivers/CMSIS/Device/ST/STM32F0xx/Include -I../Drivers/CMSIS/Include -O0 -ffunction-sections -fdata-sections -Wall -fstack-usage -fcyclomatic-complexity -MMD -MP -MF"Core/Src/sysmem.d" -MT"Core/Src/sysmem.o" --specs=nano.specs -mfloat-abi=soft -mthumb -o "Core/Src/sysmem.o"
arm-none-eabi-gcc "../Core/Src/system_stm32f0xx.c" -mcpu=cortex-m0 -std=gnu11 -g3 -DDEBUG -DUSE_HAL_DRIVER -DSTM32F030x8 -c -I../Core/Inc -I../Drivers/STM32F0xx_HAL_Driver/Inc -I../Drivers/STM32F0xx_HAL_Driver/Inc/Legacy -I../Drivers/CMSIS/Device/ST/STM32F0xx/Include -I../Drivers/CMSIS/Include -O0 -ffunction-sections -fdata-sections -Wall -fstack-usage -fcyclomatic-complexity -MMD -MP -MF"Core/Src/system_stm32f0xx.d" -MT"Core/Src/system_stm32f0xx.o" --specs=nano.specs -mfloat-abi=soft -mthumb -o "Core/Src/system_stm32f0xx.o"
arm-none-eabi-gcc -o "CV03.elf" @"objects.list"   -mcpu=cortex-m0 -T"C:\Temp\Caban\Microcontrollers-And-Embedded-Systems\CV03\CV03\STM32F030R8TX_FLASH.ld" --specs=nosys.specs -Wl,-Map="CV03.map" -Wl,--gc-sections -static --specs=nano.specs -mfloat-abi=soft -mthumb -Wl,--start-group -lc -lm -Wl,--end-group
Finished building target: CV03.elf
 
arm-none-eabi-size   CV03.elf 
arm-none-eabi-objdump -h -S  CV03.elf  > "CV03.list"
   text	   data	    bss	    dec	    hex	filename
   9080	     20	   1772	  10872	   2a78	CV03.elf
Finished building: default.size.stdout
 
Finished building: CV03.list
 
16:01:18 **** Incremental Build of configuration Debug for project CV04 ****
make -j4 all 
arm-none-eabi-gcc "../Core/Src/sct.c" -mcpu=cortex-m0 -std=gnu11 -g3 -DDEBUG -DUSE_HAL_DRIVER -DSTM32F030x8 -c -I../Core/Inc -I../Drivers/STM32F0xx_HAL_Driver/Inc -I../Drivers/STM32F0xx_HAL_Driver/Inc/Legacy -I../Drivers/CMSIS/Device/ST/STM32F0xx/Include -I../Drivers/CMSIS/Include -O0 -ffunction-sections -fdata-sections -Wall -fstack-usage -fcyclomatic-complexity -MMD -MP -MF"Core/Src/sct.d" -MT"Core/Src/sct.o" --specs=nano.specs -mfloat-abi=soft -mthumb -o "Core/Src/sct.o"
arm-none-eabi-gcc -o "CV04.elf" @"objects.list"   -mcpu=cortex-m0 -T"C:\Temp\Caban\Microcontrollers-And-Embedded-Systems\CV04\CV04\STM32F030R8TX_FLASH.ld" --specs=nosys.specs -Wl,-Map="CV04.map" -Wl,--gc-sections -static --specs=nano.specs -mfloat-abi=soft -mthumb -Wl,--start-group -lc -lm -Wl,--end-group
Finished building target: CV04.elf
 
arm-none-eabi-size   CV04.elf 
arm-none-eabi-objdump -h -S  CV04.elf  > "CV04.list"
   text	   data	    bss	    dec	    hex	filename
  10568	     20	   1772	  12360	   3048	CV04.elf
Finished building: default.size.stdout
 
Finished building: CV04.list
 
16:03:38 **** Incremental Build of configuration Debug for project CV04 ****
make -j4 all 
arm-none-eabi-gcc "../Core/Src/sct.c" -mcpu=cortex-m0 -std=gnu11 -g3 -DDEBUG -DUSE_HAL_DRIVER -DSTM32F030x8 -c -I../Core/Inc -I../Drivers/STM32F0xx_HAL_Driver/Inc -I../Drivers/STM32F0xx_HAL_Driver/Inc/Legacy -I../Drivers/CMSIS/Device/ST/STM32F0xx/Include -I../Drivers/CMSIS/Include -O0 -ffunction-sections -fdata-sections -Wall -fstack-usage -fcyclomatic-complexity -MMD -MP -MF"Core/Src/sct.d" -MT"Core/Src/sct.o" --specs=nano.specs -mfloat-abi=soft -mthumb -o "Core/Src/sct.o"
arm-none-eabi-gcc -o "CV04.elf" @"objects.list"   -mcpu=cortex-m0 -T"C:\Temp\Caban\Microcontrollers-And-Embedded-Systems\CV04\CV04\STM32F030R8TX_FLASH.ld" --specs=nosys.specs -Wl,-Map="CV04.map" -Wl,--gc-sections -static --specs=nano.specs -mfloat-abi=soft -mthumb -Wl,--start-group -lc -lm -Wl,--end-group
Finished building target: CV04.elf
 
arm-none-eabi-size   CV04.elf 
arm-none-eabi-objdump -h -S  CV04.elf  > "CV04.list"
   text	   data	    bss	    dec	    hex	filename
  10568	     20	   1772	  12360	   3048	CV04.elf
Finished building: default.size.stdout
 
Finished building: CV04.list
 
16:04:40 **** Incremental Build of configuration Debug for project CV04 ****
make -j4 all 
arm-none-eabi-gcc "../Core/Src/sct.c" -mcpu=cortex-m0 -std=gnu11 -g3 -DDEBUG -DUSE_HAL_DRIVER -DSTM32F030x8 -c -I../Core/Inc -I../Drivers/STM32F0xx_HAL_Driver/Inc -I../Drivers/STM32F0xx_HAL_Driver/Inc/Legacy -I../Drivers/CMSIS/Device/ST/STM32F0xx/Include -I../Drivers/CMSIS/Include -O0 -ffunction-sections -fdata-sections -Wall -fstack-usage -fcyclomatic-complexity -MMD -MP -MF"Core/Src/sct.d" -MT"Core/Src/sct.o" --specs=nano.specs -mfloat-abi=soft -mthumb -o "Core/Src/sct.o"
arm-none-eabi-gcc -o "CV04.elf" @"objects.list"   -mcpu=cortex-m0 -T"C:\Temp\Caban\Microcontrollers-And-Embedded-Systems\CV04\CV04\STM32F030R8TX_FLASH.ld" --specs=nosys.specs -Wl,-Map="CV04.map" -Wl,--gc-sections -static --specs=nano.specs -mfloat-abi=soft -mthumb -Wl,--start-group -lc -lm -Wl,--end-group
Finished building target: CV04.elf
 
arm-none-eabi-size   CV04.elf 
arm-none-eabi-objdump -h -S  CV04.elf  > "CV04.list"
   text	   data	    bss	    dec	    hex	filename
  10568	     20	   1772	  12360	   3048	CV04.elf
Finished building: default.size.stdout
 
Finished building: CV04.list
 
16:06:46 **** Incremental Build of configuration Debug for project CV04 ****
make -j4 all 
arm-none-eabi-gcc "../Core/Src/sct.c" -mcpu=cortex-m0 -std=gnu11 -g3 -DDEBUG -DUSE_HAL_DRIVER -DSTM32F030x8 -c -I../Core/Inc -I../Drivers/STM32F0xx_HAL_Driver/Inc -I../Drivers/STM32F0xx_HAL_Driver/Inc/Legacy -I../Drivers/CMSIS/Device/ST/STM32F0xx/Include -I../Drivers/CMSIS/Include -O0 -ffunction-sections -fdata-sections -Wall -fstack-usage -fcyclomatic-complexity -MMD -MP -MF"Core/Src/sct.d" -MT"Core/Src/sct.o" --specs=nano.specs -mfloat-abi=soft -mthumb -o "Core/Src/sct.o"
../Core/Src/sct.c: In function 'sct_value':
../Core/Src/sct.c:100:30: error: 'led' undeclared (first use in this function)
  100 |         reg |= reg_values[3][led];
      |                              ^~~
../Core/Src/sct.c:100:30: note: each undeclared identifier is reported only once for each function it appears in
make: *** [Core/Src/subdir.mk:37: Core/Src/sct.o] Error 1
"make -j4 all" terminated with exit code 2. Build might be incomplete.
16:07:15 **** Incremental Build of configuration Debug for project CV04 ****
make -j4 all 
arm-none-eabi-gcc "../Core/Src/sct.c" -mcpu=cortex-m0 -std=gnu11 -g3 -DDEBUG -DUSE_HAL_DRIVER -DSTM32F030x8 -c -I../Core/Inc -I../Drivers/STM32F0xx_HAL_Driver/Inc -I../Drivers/STM32F0xx_HAL_Driver/Inc/Legacy -I../Drivers/CMSIS/Device/ST/STM32F0xx/Include -I../Drivers/CMSIS/Include -O0 -ffunction-sections -fdata-sections -Wall -fstack-usage -fcyclomatic-complexity -MMD -MP -MF"Core/Src/sct.d" -MT"Core/Src/sct.o" --specs=nano.specs -mfloat-abi=soft -mthumb -o "Core/Src/sct.o"
arm-none-eabi-gcc -o "CV04.elf" @"objects.list"   -mcpu=cortex-m0 -T"C:\Temp\Caban\Microcontrollers-And-Embedded-Systems\CV04\CV04\STM32F030R8TX_FLASH.ld" --specs=nosys.specs -Wl,-Map="CV04.map" -Wl,--gc-sections -static --specs=nano.specs -mfloat-abi=soft -mthumb -Wl,--start-group -lc -lm -Wl,--end-group
Finished building target: CV04.elf
 
arm-none-eabi-size   CV04.elf 
arm-none-eabi-objdump -h -S  CV04.elf  > "CV04.list"
   text	   data	    bss	    dec	    hex	filename
  10552	     20	   1772	  12344	   3038	CV04.elf
Finished building: default.size.stdout
 
Finished building: CV04.list
 
16:08:41 **** Incremental Build of configuration Debug for project CV04 ****
make -j4 all 
arm-none-eabi-gcc "../Core/Src/sct.c" -mcpu=cortex-m0 -std=gnu11 -g3 -DDEBUG -DUSE_HAL_DRIVER -DSTM32F030x8 -c -I../Core/Inc -I../Drivers/STM32F0xx_HAL_Driver/Inc -I../Drivers/STM32F0xx_HAL_Driver/Inc/Legacy -I../Drivers/CMSIS/Device/ST/STM32F0xx/Include -I../Drivers/CMSIS/Include -O0 -ffunction-sections -fdata-sections -Wall -fstack-usage -fcyclomatic-complexity -MMD -MP -MF"Core/Src/sct.d" -MT"Core/Src/sct.o" --specs=nano.specs -mfloat-abi=soft -mthumb -o "Core/Src/sct.o"
arm-none-eabi-gcc -o "CV04.elf" @"objects.list"   -mcpu=cortex-m0 -T"C:\Temp\Caban\Microcontrollers-And-Embedded-Systems\CV04\CV04\STM32F030R8TX_FLASH.ld" --specs=nosys.specs -Wl,-Map="CV04.map" -Wl,--gc-sections -static --specs=nano.specs -mfloat-abi=soft -mthumb -Wl,--start-group -lc -lm -Wl,--end-group
Finished building target: CV04.elf
 
arm-none-eabi-size   CV04.elf 
arm-none-eabi-objdump -h -S  CV04.elf  > "CV04.list"
   text	   data	    bss	    dec	    hex	filename
  10552	     20	   1772	  12344	   3038	CV04.elf
Finished building: default.size.stdout
 
Finished building: CV04.list
 
16:10:44 **** Incremental Build of configuration Debug for project CV04 ****
make -j4 all 
arm-none-eabi-gcc "../Core/Src/main.c" -mcpu=cortex-m0 -std=gnu11 -g3 -DDEBUG -DUSE_HAL_DRIVER -DSTM32F030x8 -c -I../Core/Inc -I../Drivers/STM32F0xx_HAL_Driver/Inc -I../Drivers/STM32F0xx_HAL_Driver/Inc/Legacy -I../Drivers/CMSIS/Device/ST/STM32F0xx/Include -I../Drivers/CMSIS/Include -O0 -ffunction-sections -fdata-sections -Wall -fstack-usage -fcyclomatic-complexity -MMD -MP -MF"Core/Src/main.d" -MT"Core/Src/main.o" --specs=nano.specs -mfloat-abi=soft -mthumb -o "Core/Src/main.o"
../Core/Src/main.c: In function 'HAL_ADC_ConvCpltCallback':
../Core/Src/main.c:66:23: error: 'ADC_Q' undeclared (first use in this function)
   66 |  raw_pot = avg_pot >> ADC_Q;
      |                       ^~~~~
../Core/Src/main.c:66:23: note: each undeclared identifier is reported only once for each function it appears in
../Core/Src/main.c: In function 'main':
../Core/Src/main.c:105:3: warning: implicit declaration of function 'sct_init' [-Wimplicit-function-declaration]
  105 |   sct_init();
      |   ^~~~~~~~
../Core/Src/main.c:116:17: warning: implicit declaration of function 'sct_value' [-Wimplicit-function-declaration]
  116 |                 sct_value(raw_pot*(500+1)/4096, raw_pot*9/4096);
      |                 ^~~~~~~~~
make: *** [Core/Src/subdir.mk:37: Core/Src/main.o] Error 1
"make -j4 all" terminated with exit code 2. Build might be incomplete.
16:11:23 **** Incremental Build of configuration Debug for project CV04 ****
make -j4 all 
arm-none-eabi-gcc "../Core/Src/main.c" -mcpu=cortex-m0 -std=gnu11 -g3 -DDEBUG -DUSE_HAL_DRIVER -DSTM32F030x8 -c -I../Core/Inc -I../Drivers/STM32F0xx_HAL_Driver/Inc -I../Drivers/STM32F0xx_HAL_Driver/Inc/Legacy -I../Drivers/CMSIS/Device/ST/STM32F0xx/Include -I../Drivers/CMSIS/Include -O0 -ffunction-sections -fdata-sections -Wall -fstack-usage -fcyclomatic-complexity -MMD -MP -MF"Core/Src/main.d" -MT"Core/Src/main.o" --specs=nano.specs -mfloat-abi=soft -mthumb -o "Core/Src/main.o"
../Core/Src/main.c: In function 'HAL_ADC_ConvCpltCallback':
../Core/Src/main.c:67:23: error: 'ADC_Q' undeclared (first use in this function)
   67 |  raw_pot = avg_pot >> ADC_Q;
      |                       ^~~~~
../Core/Src/main.c:67:23: note: each undeclared identifier is reported only once for each function it appears in
../Core/Src/main.c:66:9: warning: unused variable 'Q' [-Wunused-variable]
   66 |  int8_t Q = 12;
      |         ^
../Core/Src/main.c: In function 'main':
../Core/Src/main.c:106:3: warning: implicit declaration of function 'sct_init' [-Wimplicit-function-declaration]
  106 |   sct_init();
      |   ^~~~~~~~
../Core/Src/main.c:117:17: warning: implicit declaration of function 'sct_value' [-Wimplicit-function-declaration]
  117 |                 sct_value(raw_pot*(500+1)/4096, raw_pot*9/4096);
      |                 ^~~~~~~~~
make: *** [Core/Src/subdir.mk:37: Core/Src/main.o] Error 1
"make -j4 all" terminated with exit code 2. Build might be incomplete.
16:13:11 **** Incremental Build of configuration Debug for project CV04 ****
make -j4 all 
arm-none-eabi-gcc "../Core/Src/main.c" -mcpu=cortex-m0 -std=gnu11 -g3 -DDEBUG -DUSE_HAL_DRIVER -DSTM32F030x8 -c -I../Core/Inc -I../Drivers/STM32F0xx_HAL_Driver/Inc -I../Drivers/STM32F0xx_HAL_Driver/Inc/Legacy -I../Drivers/CMSIS/Device/ST/STM32F0xx/Include -I../Drivers/CMSIS/Include -O0 -ffunction-sections -fdata-sections -Wall -fstack-usage -fcyclomatic-complexity -MMD -MP -MF"Core/Src/main.d" -MT"Core/Src/main.o" --specs=nano.specs -mfloat-abi=soft -mthumb -o "Core/Src/main.o"
../Core/Src/main.c: In function 'main':
../Core/Src/main.c:106:3: warning: implicit declaration of function 'sct_init' [-Wimplicit-function-declaration]
  106 |   sct_init();
      |   ^~~~~~~~
../Core/Src/main.c:117:17: warning: implicit declaration of function 'sct_value' [-Wimplicit-function-declaration]
  117 |                 sct_value(raw_pot*(500+1)/4096, raw_pot*9/4096);
      |                 ^~~~~~~~~
arm-none-eabi-gcc -o "CV04.elf" @"objects.list"   -mcpu=cortex-m0 -T"C:\Temp\Caban\Microcontrollers-And-Embedded-Systems\CV04\CV04\STM32F030R8TX_FLASH.ld" --specs=nosys.specs -Wl,-Map="CV04.map" -Wl,--gc-sections -static --specs=nano.specs -mfloat-abi=soft -mthumb -Wl,--start-group -lc -lm -Wl,--end-group
Finished building target: CV04.elf
 
arm-none-eabi-size   CV04.elf 
arm-none-eabi-objdump -h -S  CV04.elf  > "CV04.list"
   text	   data	    bss	    dec	    hex	filename
  10596	     20	   1772	  12388	   3064	CV04.elf
Finished building: default.size.stdout
 
Finished building: CV04.list
 
