2023-11-08 15:04:15,259 [INFO] Activator:176 - 


2023-11-08 15:04:15,261 [INFO] Activator:177 - !SESSION log4j initialized
2023-11-08 15:04:18,182 [INFO] LogOutputStream:77 - [STDOUT_REDIRECT] 
2023-11-08 15:04:21,132 [INFO] ApplicationProperties:184 - Using Application install path: C:\appz\ST\STM32CubeIDE_1.10.1\STM32CubeIDE\plugins\com.st.stm32cube.common.mx_6.9.1.202307191849
2023-11-08 15:04:21,194 [INFO] DbMcusXml:78 - Set database path to: C:\appz\ST\STM32CubeIDE_1.10.1\STM32CubeIDE\plugins\com.st.stm32cube.common.mx_6.9.1.202307191849\\db\/mcu/
2023-11-08 15:04:21,198 [INFO] ApiDb:274 - Set plugin database path to: C:\appz\ST\STM32CubeIDE_1.10.1\STM32CubeIDE\plugins\com.st.stm32cube.common.mx_6.9.1.202307191849\\db\/plugins/boardmanager/
2023-11-08 15:04:21,199 [WARN] ApiDb:259 - Overriding images path with different value:  => C:\appz\ST\STM32CubeIDE_1.10.1\STM32CubeIDE\plugins\com.st.stm32cube.common.mx_6.9.1.202307191849\\db\/plugins/mcufinder/images/
2023-11-08 15:04:22,986 [WARN] ApiFinderProperties:113 - C:\Users\xcaban01\.stmcufinder\plugins\mcufinder\mcu\mcuFinder.mfd doesn't exist
2023-11-08 15:04:22,988 [INFO] ApiDb:250 - Set database path to: C:\Users\xcaban01\.stmcufinder\plugins\mcufinder//mcu/
2023-11-08 15:04:22,989 [INFO] DbMcusAds:125 - Set database path to: C:\Users\xcaban01\.stmcufinder\plugins\mcufinder//mcu/
2023-11-08 15:04:22,992 [INFO] CrossReferenceDbSqlite:203 - Set database path to: C:\Users\xcaban01\.stmcufinder\plugins\mcufinder//mcu/cs/
2023-11-08 15:04:23,147 [INFO] RulesReader:64 - Compatibility file has been processed (293 Rules)
2023-11-08 15:04:23,265 [INFO] DbMcusXml:78 - Set database path to: C:\appz\ST\STM32CubeIDE_1.10.1\STM32CubeIDE\plugins\com.st.stm32cube.common.mx_6.9.1.202307191849\\db\/mcu/
2023-11-08 15:04:23,266 [INFO] ApiDb:274 - Set plugin database path to: C:\appz\ST\STM32CubeIDE_1.10.1\STM32CubeIDE\plugins\com.st.stm32cube.common.mx_6.9.1.202307191849\\db\/plugins/boardmanager/
2023-11-08 15:04:23,266 [INFO] ApiDb:261 - Set plugin images path to: C:\appz\ST\STM32CubeIDE_1.10.1\STM32CubeIDE\plugins\com.st.stm32cube.common.mx_6.9.1.202307191849\\db\/plugins/mcufinder/images/
2023-11-08 15:04:23,266 [WARN] DbFile:41 - Overriding database path with different value: C:\Users\xcaban01\.stmcufinder\plugins\mcufinder/ => C:\Users\xcaban01\.stmcufinder\plugins\mcufinder
2023-11-08 15:04:23,266 [INFO] ApiDb:250 - Set database path to: C:\Users\xcaban01\.stmcufinder\plugins\mcufinder//mcu/
2023-11-08 15:04:23,266 [WARN] DbFile:41 - Overriding database path with different value: C:\Users\xcaban01\.stmcufinder\plugins\mcufinder/ => C:\Users\xcaban01\.stmcufinder\plugins\mcufinder
2023-11-08 15:04:23,267 [INFO] DbMcusAds:125 - Set database path to: C:\Users\xcaban01\.stmcufinder\plugins\mcufinder//mcu/
2023-11-08 15:04:23,267 [WARN] DbFile:41 - Overriding database path with different value: C:\Users\xcaban01\.stmcufinder\plugins\mcufinder/ => C:\Users\xcaban01\.stmcufinder\plugins\mcufinder
2023-11-08 15:04:23,267 [WARN] DbFile:41 - Overriding database path with different value: C:\Users\xcaban01\.stmcufinder\plugins\mcufinder/ => C:\Users\xcaban01\.stmcufinder\plugins\mcufinder
2023-11-08 15:04:23,267 [INFO] CrossReferenceDbSqlite:203 - Set database path to: C:\Users\xcaban01\.stmcufinder\plugins\mcufinder//mcu/cs/
2023-11-08 15:04:23,408 [INFO] MainPanel:262 - HeapMemory: 268435456
2023-11-08 15:04:23,551 [INFO] DbMcusXml:78 - Set database path to: C:\appz\ST\STM32CubeIDE_1.10.1\STM32CubeIDE\plugins\com.st.stm32cube.common.mx_6.9.1.202307191849\\db\/mcu/
2023-11-08 15:04:23,551 [INFO] ApiDb:274 - Set plugin database path to: C:\appz\ST\STM32CubeIDE_1.10.1\STM32CubeIDE\plugins\com.st.stm32cube.common.mx_6.9.1.202307191849\\db\/plugins/boardmanager/
2023-11-08 15:04:23,551 [INFO] ApiDb:261 - Set plugin images path to: C:\appz\ST\STM32CubeIDE_1.10.1\STM32CubeIDE\plugins\com.st.stm32cube.common.mx_6.9.1.202307191849\\db\/plugins/mcufinder/images/
2023-11-08 15:04:23,552 [WARN] DbFile:41 - Overriding database path with different value: C:\Users\xcaban01\.stmcufinder\plugins\mcufinder/ => C:\Users\xcaban01\.stmcufinder\plugins\mcufinder
2023-11-08 15:04:23,552 [INFO] ApiDb:250 - Set database path to: C:\Users\xcaban01\.stmcufinder\plugins\mcufinder//mcu/
2023-11-08 15:04:23,552 [WARN] DbFile:41 - Overriding database path with different value: C:\Users\xcaban01\.stmcufinder\plugins\mcufinder/ => C:\Users\xcaban01\.stmcufinder\plugins\mcufinder
2023-11-08 15:04:23,552 [INFO] DbMcusAds:125 - Set database path to: C:\Users\xcaban01\.stmcufinder\plugins\mcufinder//mcu/
2023-11-08 15:04:23,552 [WARN] DbFile:41 - Overriding database path with different value: C:\Users\xcaban01\.stmcufinder\plugins\mcufinder/ => C:\Users\xcaban01\.stmcufinder\plugins\mcufinder
2023-11-08 15:04:23,552 [WARN] DbFile:41 - Overriding database path with different value: C:\Users\xcaban01\.stmcufinder\plugins\mcufinder/ => C:\Users\xcaban01\.stmcufinder\plugins\mcufinder
2023-11-08 15:04:23,552 [INFO] CrossReferenceDbSqlite:203 - Set database path to: C:\Users\xcaban01\.stmcufinder\plugins\mcufinder//mcu/cs/
2023-11-08 15:04:23,577 [INFO] ApplicationProperties:184 - Using Application install path: C:\appz\ST\STM32CubeIDE_1.10.1\STM32CubeIDE\plugins\com.st.stm32cube.common.mx_6.9.1.202307191849
2023-11-08 15:04:23,579 [INFO] PluginManage:196 - Search for loadable plugins [exclusion list=, ]
2023-11-08 15:04:23,580 [INFO] PluginManage:310 - Check plugin analytics
2023-11-08 15:04:23,798 [INFO] AnalyticsPlugin:253 - Accepted Software Licenses: 
2023-11-08 15:04:23,799 [INFO] AnalyticsPlugin:255 - Accepted CMSIS Pack Licenses: 
2023-11-08 15:04:23,799 [INFO] AnalyticsPlugin:257 - Accepted Firmware Licenses: 
2023-11-08 15:04:23,804 [INFO] PluginManage:359 - Loaded plugin analytics (category:tool,tabindex:-1)
2023-11-08 15:04:23,805 [INFO] PluginManage:310 - Check plugin cadmodel
2023-11-08 15:04:23,812 [INFO] CADModel:105 - Init CAD model plugin
2023-11-08 15:04:23,812 [INFO] PluginManage:359 - Loaded plugin cadmodel (category:power,tabindex:5)
2023-11-08 15:04:23,812 [INFO] PluginManage:310 - Check plugin clock
2023-11-08 15:04:23,824 [INFO] PluginManage:359 - Loaded plugin clock (category:base,tabindex:2)
2023-11-08 15:04:23,825 [INFO] PluginManage:310 - Check plugin ddr
2023-11-08 15:04:23,827 [INFO] PluginManage:359 - Loaded plugin ddr (category:tool,tabindex:6)
2023-11-08 15:04:23,828 [INFO] PluginManage:310 - Check plugin filemanager
2023-11-08 15:04:23,976 [INFO] PluginManage:359 - Loaded plugin filemanager (category:base,tabindex:10)
2023-11-08 15:04:23,976 [INFO] PluginManage:310 - Check plugin ipmanager
2023-11-08 15:04:23,985 [INFO] PluginManage:359 - Loaded plugin ipmanager (category:base,tabindex:5)
2023-11-08 15:04:23,985 [INFO] PluginManage:310 - Check plugin lpbam
2023-11-08 15:04:23,996 [INFO] PluginManage:359 - Loaded plugin lpbam (category:base,tabindex:0)
2023-11-08 15:04:23,997 [INFO] PluginManage:310 - Check plugin memorymap
2023-11-08 15:04:24,014 [INFO] PluginManage:359 - Loaded plugin memorymap (category:base,tabindex:4)
2023-11-08 15:04:24,014 [INFO] PluginManage:310 - Check plugin pinoutandconfiguration
2023-11-08 15:04:24,028 [INFO] PluginManage:359 - Loaded plugin pinoutandconfiguration (category:base,tabindex:1)
2023-11-08 15:04:24,028 [INFO] PluginManage:310 - Check plugin pinoutconfig
2023-11-08 15:04:24,155 [WARN] SupportedApi:132 - Cannot load RTOS API schema: s4s-elt-must-match.1: The content of 'definitions' must match (annotation?, (simpleType | complexType)?, (unique | key | keyref)*)). A problem was found starting at: attribute.
2023-11-08 15:04:24,392 [INFO] PluginManage:359 - Loaded plugin pinoutconfig (category:base,tabindex:0)
2023-11-08 15:04:24,393 [INFO] PluginManage:310 - Check plugin power
2023-11-08 15:04:24,409 [INFO] PluginManage:359 - Loaded plugin power (category:power,tabindex:4)
2023-11-08 15:04:24,409 [INFO] PluginManage:310 - Check plugin projectmanager
2023-11-08 15:04:24,430 [INFO] PluginManage:359 - Loaded plugin projectmanager (category:projectmanager,tabindex:3)
2023-11-08 15:04:24,430 [INFO] PluginManage:310 - Check plugin thirdparty
2023-11-08 15:04:24,587 [INFO] PluginManage:359 - Loaded plugin thirdparty (category:base,tabindex:-1)
2023-11-08 15:04:24,587 [INFO] PluginManage:310 - Check plugin tools
2023-11-08 15:04:24,587 [WARN] IntegrityCheckThread:84 - waiting for thirdparty lock release [integrity check]
2023-11-08 15:04:24,588 [INFO] IntegrityCheckThread:86 - entering critical section [integrity check]
2023-11-08 15:04:24,589 [INFO] ThirdPartyUpdaterWithRetryManager:70 - Updater plugin not ready yet. [1/15]
2023-11-08 15:04:24,591 [INFO] PluginManage:359 - Loaded plugin tools (category:base,tabindex:7)
2023-11-08 15:04:24,591 [INFO] PluginManage:310 - Check plugin tutovideos
2023-11-08 15:04:24,775 [INFO] PluginManage:359 - Loaded plugin tutovideos (category:base,tabindex:-1)
2023-11-08 15:04:24,775 [INFO] PluginManage:310 - Check plugin updater
2023-11-08 15:04:24,788 [INFO] PluginManage:359 - Loaded plugin updater (category:base,tabindex:12)
2023-11-08 15:04:24,788 [INFO] PluginManage:310 - Check plugin userauth
2023-11-08 15:04:24,795 [INFO] UserAuth:113 - Init User Auth plugin
2023-11-08 15:04:24,795 [INFO] PluginManage:359 - Loaded plugin userauth (category:base,tabindex:14)
2023-11-08 15:04:24,795 [INFO] PluginManage:283 - PluginManage : Loaded plugins [17]
2023-11-08 15:04:25,069 [INFO] PinOutPanel:1499 - setPackage(No Configuration,No Configuration)
2023-11-08 15:04:25,211 [INFO] CADModel:165 - CPN selected for project level
2023-11-08 15:04:25,212 [INFO] CADModel:114 - Register for checkConnection events
2023-11-08 15:04:25,231 [INFO] IPUIPlugin:80 - create IPUIPlugin
2023-11-08 15:04:25,231 [INFO] PluginManager:220 - loadIPPluginJar : add adc
2023-11-08 15:04:25,235 [INFO] IPUIPlugin:80 - create IPUIPlugin
2023-11-08 15:04:25,235 [INFO] PluginManager:220 - loadIPPluginJar : add aes
2023-11-08 15:04:25,241 [INFO] IPUIPlugin:80 - create IPUIPlugin
2023-11-08 15:04:25,241 [INFO] PluginManager:220 - loadIPPluginJar : add can
2023-11-08 15:04:25,244 [INFO] IPUIPlugin:80 - create IPUIPlugin
2023-11-08 15:04:25,244 [INFO] PluginManager:220 - loadIPPluginJar : add comp
2023-11-08 15:04:25,248 [INFO] IPUIPlugin:80 - create IPUIPlugin
2023-11-08 15:04:25,248 [INFO] PluginManager:220 - loadIPPluginJar : add cryp
2023-11-08 15:04:25,254 [INFO] IPUIPlugin:80 - create IPUIPlugin
2023-11-08 15:04:25,255 [INFO] PluginManager:220 - loadIPPluginJar : add dfsdm
2023-11-08 15:04:25,266 [INFO] IPUIPlugin:80 - create IPUIPlugin
2023-11-08 15:04:25,267 [INFO] PluginManager:220 - loadIPPluginJar : add dma
2023-11-08 15:04:25,272 [INFO] IPUIPlugin:80 - create IPUIPlugin
2023-11-08 15:04:25,272 [INFO] PluginManager:220 - loadIPPluginJar : add dma3
2023-11-08 15:04:25,275 [INFO] IPUIPlugin:80 - create IPUIPlugin
2023-11-08 15:04:25,275 [INFO] PluginManager:220 - loadIPPluginJar : add fatfs
2023-11-08 15:04:25,281 [INFO] IPUIPlugin:80 - create IPUIPlugin
2023-11-08 15:04:25,281 [INFO] PluginManager:220 - loadIPPluginJar : add fmc
2023-11-08 15:04:25,289 [INFO] IPUIPlugin:80 - create IPUIPlugin
2023-11-08 15:04:25,289 [INFO] PluginManager:220 - loadIPPluginJar : add freertos
2023-11-08 15:04:25,292 [INFO] IPUIPlugin:80 - create IPUIPlugin
2023-11-08 15:04:25,292 [INFO] PluginManager:220 - loadIPPluginJar : add genericplugin
2023-11-08 15:04:25,295 [INFO] IPUIPlugin:80 - create IPUIPlugin
2023-11-08 15:04:25,295 [INFO] PluginManager:220 - loadIPPluginJar : add gfxmmu
2023-11-08 15:04:25,302 [INFO] IPUIPlugin:80 - create IPUIPlugin
2023-11-08 15:04:25,302 [INFO] PluginManager:220 - loadIPPluginJar : add gic
2023-11-08 15:04:25,307 [INFO] IPUIPlugin:80 - create IPUIPlugin
2023-11-08 15:04:25,307 [INFO] PluginManager:220 - loadIPPluginJar : add gpio
2023-11-08 15:04:25,312 [INFO] IPUIPlugin:80 - create IPUIPlugin
2023-11-08 15:04:25,312 [INFO] PluginManager:220 - loadIPPluginJar : add gtzc
2023-11-08 15:04:25,316 [INFO] IPUIPlugin:80 - create IPUIPlugin
2023-11-08 15:04:25,316 [INFO] PluginManager:220 - loadIPPluginJar : add hash
2023-11-08 15:04:25,320 [INFO] IPUIPlugin:80 - create IPUIPlugin
2023-11-08 15:04:25,320 [INFO] PluginManager:220 - loadIPPluginJar : add i2c
2023-11-08 15:04:25,324 [INFO] IPUIPlugin:80 - create IPUIPlugin
2023-11-08 15:04:25,324 [INFO] PluginManager:220 - loadIPPluginJar : add i2s
2023-11-08 15:04:25,329 [INFO] IPUIPlugin:80 - create IPUIPlugin
2023-11-08 15:04:25,329 [INFO] PluginManager:220 - loadIPPluginJar : add i3c
2023-11-08 15:04:25,333 [INFO] IPUIPlugin:80 - create IPUIPlugin
2023-11-08 15:04:25,333 [INFO] PluginManager:220 - loadIPPluginJar : add ipddr
2023-11-08 15:04:25,341 [INFO] IPUIPlugin:80 - create IPUIPlugin
2023-11-08 15:04:25,341 [INFO] PluginManager:220 - loadIPPluginJar : add linkedlist
2023-11-08 15:04:25,344 [INFO] IPUIPlugin:80 - create IPUIPlugin
2023-11-08 15:04:25,345 [INFO] PluginManager:220 - loadIPPluginJar : add lorawan
2023-11-08 15:04:25,347 [INFO] IPUIPlugin:80 - create IPUIPlugin
2023-11-08 15:04:25,347 [INFO] PluginManager:220 - loadIPPluginJar : add ltdc
2023-11-08 15:04:25,361 [INFO] IPUIPlugin:80 - create IPUIPlugin
2023-11-08 15:04:25,363 [INFO] PluginManager:220 - loadIPPluginJar : add mdma
2023-11-08 15:04:25,368 [INFO] IPUIPlugin:80 - create IPUIPlugin
2023-11-08 15:04:25,369 [INFO] PluginManager:220 - loadIPPluginJar : add nvic
2023-11-08 15:04:25,372 [INFO] IPUIPlugin:80 - create IPUIPlugin
2023-11-08 15:04:25,373 [INFO] PluginManager:220 - loadIPPluginJar : add opamp
2023-11-08 15:04:25,376 [INFO] IPUIPlugin:80 - create IPUIPlugin
2023-11-08 15:04:25,376 [INFO] PluginManager:220 - loadIPPluginJar : add openamp
2023-11-08 15:04:25,380 [INFO] IPUIPlugin:80 - create IPUIPlugin
2023-11-08 15:04:25,380 [INFO] PluginManager:220 - loadIPPluginJar : add pdm2pcm
2023-11-08 15:04:25,388 [INFO] IPUIPlugin:80 - create IPUIPlugin
2023-11-08 15:04:25,391 [INFO] PluginManager:220 - loadIPPluginJar : add plateformsettings
2023-11-08 15:04:25,393 [INFO] IPUIPlugin:80 - create IPUIPlugin
2023-11-08 15:04:25,394 [INFO] PluginManager:220 - loadIPPluginJar : add quadspi
2023-11-08 15:04:25,398 [INFO] IPUIPlugin:80 - create IPUIPlugin
2023-11-08 15:04:25,399 [INFO] PluginManager:220 - loadIPPluginJar : add resmgrutility
2023-11-08 15:04:25,402 [INFO] IPUIPlugin:80 - create IPUIPlugin
2023-11-08 15:04:25,402 [INFO] PluginManager:220 - loadIPPluginJar : add sai
2023-11-08 15:04:25,406 [INFO] IPUIPlugin:80 - create IPUIPlugin
2023-11-08 15:04:25,406 [INFO] PluginManager:220 - loadIPPluginJar : add spi
2023-11-08 15:04:25,411 [INFO] IPUIPlugin:80 - create IPUIPlugin
2023-11-08 15:04:25,413 [INFO] PluginManager:220 - loadIPPluginJar : add stm32_wpan
2023-11-08 15:04:25,415 [INFO] IPUIPlugin:80 - create IPUIPlugin
2023-11-08 15:04:25,415 [INFO] PluginManager:220 - loadIPPluginJar : add tim
2023-11-08 15:04:25,419 [INFO] IPUIPlugin:80 - create IPUIPlugin
2023-11-08 15:04:25,419 [INFO] PluginManager:220 - loadIPPluginJar : add touchsensing
2023-11-08 15:04:25,421 [INFO] IPUIPlugin:80 - create IPUIPlugin
2023-11-08 15:04:25,422 [INFO] PluginManager:220 - loadIPPluginJar : add tracer_emb
2023-11-08 15:04:25,425 [INFO] IPUIPlugin:80 - create IPUIPlugin
2023-11-08 15:04:25,425 [INFO] PluginManager:220 - loadIPPluginJar : add ts
2023-11-08 15:04:25,427 [INFO] IPUIPlugin:80 - create IPUIPlugin
2023-11-08 15:04:25,428 [INFO] PluginManager:220 - loadIPPluginJar : add tsc
2023-11-08 15:04:25,430 [INFO] IPUIPlugin:80 - create IPUIPlugin
2023-11-08 15:04:25,430 [INFO] PluginManager:220 - loadIPPluginJar : add ucpd
2023-11-08 15:04:25,434 [INFO] IPUIPlugin:80 - create IPUIPlugin
2023-11-08 15:04:25,434 [INFO] PluginManager:220 - loadIPPluginJar : add usart
2023-11-08 15:04:25,438 [INFO] IPUIPlugin:80 - create IPUIPlugin
2023-11-08 15:04:25,438 [INFO] PluginManager:220 - loadIPPluginJar : add usbx
2023-11-08 15:04:25,578 [INFO] CADModel:165 - CPN selected for project level
2023-11-08 15:04:25,578 [INFO] CADModel:114 - Register for checkConnection events
2023-11-08 15:04:25,578 [FATAL] Updater:308 - Updater called before beeing initialized
2023-11-08 15:04:25,579 [ERROR] CADModel:125 - Updater not yet initialized, retry later 
2023-11-08 15:04:25,757 [INFO] CADModel:165 - CPN selected for project level
2023-11-08 15:04:25,757 [INFO] CADModel:114 - Register for checkConnection events
2023-11-08 15:04:25,757 [FATAL] Updater:308 - Updater called before beeing initialized
2023-11-08 15:04:25,758 [ERROR] CADModel:125 - Updater not yet initialized, retry later 
2023-11-08 15:04:25,762 [FATAL] Updater:308 - Updater called before beeing initialized
2023-11-08 15:04:25,896 [FATAL] Updater:308 - Updater called before beeing initialized
2023-11-08 15:04:25,901 [INFO] DbMcusAds:53 - JSON generation date=Thu Sep 30 08:55:09 CEST 2021 (1632984909247)
2023-11-08 15:04:25,901 [FATAL] Updater:308 - Updater called before beeing initialized
2023-11-08 15:04:25,950 [WARN] DetailPanel:346 - Failed to get advertising image, set to default
2023-11-08 15:04:26,068 [FATAL] Updater:308 - Updater called before beeing initialized
2023-11-08 15:04:26,070 [FATAL] Updater:308 - Updater called before beeing initialized
2023-11-08 15:04:26,070 [FATAL] Updater:308 - Updater called before beeing initialized
2023-11-08 15:04:26,070 [WARN] DetailPanel:346 - Failed to get advertising image, set to default
2023-11-08 15:04:26,071 [FATAL] Updater:308 - Updater called before beeing initialized
2023-11-08 15:04:26,125 [ERROR] Updater:1120 - MainUpdater not yet initialized. External WinMGr cannot be set.
2023-11-08 15:04:26,128 [INFO] Updater:1056 - Updater Version found : 6.9.1
2023-11-08 15:04:26,145 [INFO] ApplicationProperties:184 - Using Application install path: C:\appz\ST\STM32CubeIDE_1.10.1\STM32CubeIDE\plugins\com.st.stm32cube.common.mx_6.9.1.202307191849
2023-11-08 15:04:26,178 [INFO] MainUpdater:521 - Copy updater definitions from MX database
2023-11-08 15:04:26,220 [INFO] MainUpdater:554 - Copy flag file definitions from MX database
2023-11-08 15:04:26,222 [INFO] MainUpdater:570 - Copy thirdparty index definitions from MX database
2023-11-08 15:04:26,223 [INFO] MainUpdater:589 - Copy default thirdparty db definitions from MX database
2023-11-08 15:04:26,268 [INFO] MainUpdater:2868 - connection check result : 10
2023-11-08 15:04:26,268 [INFO] MainUpdater:3562 - Updater definition file requires update
2023-11-08 15:04:26,269 [INFO] MainUpdater:285 - Updater Check For Update Now.
2023-11-08 15:04:26,269 [INFO] MicroXplorer:498 - Change Database Version : DB.6.0.91
2023-11-08 15:04:26,277 [INFO] McuFinderGlobals:63 - Set McuFinder mode to 2 (CubeIDE integrated)
2023-11-08 15:04:26,278 [INFO] UserAuth:179 - activating auth plugin
2023-11-08 15:04:26,280 [INFO] UserAuth:393 - Internet connection configuration mode: 1
2023-11-08 15:04:26,290 [INFO] ServerAccessManage:473 - Download File updaters.zip
2023-11-08 15:04:26,312 [INFO] JxBrowserEngine:151 - Initiate JxBrowser Engine with user profile folder
2023-11-08 15:04:26,378 [INFO] FileExtend:240 - Unzip File : updaters.zip
2023-11-08 15:04:26,379 [INFO] FileExtend:255 - Standard Zip Deflate
2023-11-08 15:04:26,690 [INFO] ServerAccessManage:473 - Download File PacksControlFlags.xml
2023-11-08 15:04:26,769 [INFO] ServerAccessManage:473 - Download File cubemx.pidx
2023-11-08 15:04:26,895 [INFO] ServerAccessManage:473 - Download File STMicroelectronics.FP-ATR-ASTRA1.pdsc
2023-11-08 15:04:27,003 [INFO] ServerAccessManage:473 - Download File STMicroelectronics.FP-ATR-SIGFOX1.pdsc
2023-11-08 15:04:27,064 [INFO] ServerAccessManage:473 - Download File STMicroelectronics.FP-SNS-FLIGHT1.pdsc
2023-11-08 15:04:27,167 [INFO] ServerAccessManage:473 - Download File STMicroelectronics.FP-SNS-MOTENV1.pdsc
2023-11-08 15:04:27,278 [INFO] ServerAccessManage:473 - Download File STMicroelectronics.FP-SNS-SMARTAG2.pdsc
2023-11-08 15:04:27,343 [INFO] ServerAccessManage:473 - Download File STMicroelectronics.X-CUBE-AI.pdsc
2023-11-08 15:04:27,699 [WARN] MainUpdater:1189 - Updater busy. Cannot search thirdparties
2023-11-08 15:04:27,699 [INFO] ThirdPartyUpdaterWithRetryManager:96 - Updater plugin is busy. [1/15]
2023-11-08 15:04:27,705 [INFO] ServerAccessManage:473 - Download File STMicroelectronics.X-CUBE-ALS.pdsc
2023-11-08 15:04:27,792 [INFO] ServerAccessManage:473 - Download File STMicroelectronics.X-CUBE-BLE1.pdsc
2023-11-08 15:04:28,148 [ERROR] ServerAccessManage:1089 - Problem, file not found on Server
2023-11-08 15:04:28,170 [INFO] ServerAccessManage:473 - Download File STMicroelectronics.X-CUBE-BLE2.pdsc
2023-11-08 15:04:28,466 [INFO] ServerAccessManage:473 - Download File STMicroelectronics.X-CUBE-BLEMGR.pdsc
2023-11-08 15:04:28,665 [INFO] ServerAccessManage:473 - Download File STMicroelectronics.X-CUBE-DISPLAY.pdsc
2023-11-08 15:04:28,835 [INFO] ServerAccessManage:473 - Download File STMicroelectronics.X-CUBE-EEPRMA1.pdsc
2023-11-08 15:04:28,934 [ERROR] ServerAccessManage:1089 - Problem, file not found on Server
2023-11-08 15:04:29,016 [INFO] ServerAccessManage:473 - Download File STMicroelectronics.X-CUBE-FREERTOS.pdsc
2023-11-08 15:04:29,119 [INFO] ServerAccessManage:473 - Download File STMicroelectronics.X-CUBE-GNSS1.pdsc
2023-11-08 15:04:29,339 [ERROR] ServerAccessManage:1089 - Problem, file not found on Server
2023-11-08 15:04:29,375 [ERROR] ServerAccessManage:1089 - Problem, file not found on Server
2023-11-08 15:04:29,410 [ERROR] ServerAccessManage:1089 - Problem, file not found on Server
2023-11-08 15:04:29,445 [ERROR] ServerAccessManage:1089 - Problem, file not found on Server
2023-11-08 15:04:29,481 [ERROR] ServerAccessManage:1089 - Problem, file not found on Server
2023-11-08 15:04:29,516 [ERROR] ServerAccessManage:1089 - Problem, file not found on Server
2023-11-08 15:04:29,538 [INFO] ServerAccessManage:473 - Download File STMicroelectronics.X-CUBE-ISPU.pdsc
2023-11-08 15:04:29,621 [INFO] ServerAccessManage:473 - Download File STMicroelectronics.X-CUBE-MEMS1.pdsc
2023-11-08 15:04:30,184 [INFO] ServerAccessManage:473 - Download File STMicroelectronics.X-CUBE-NFC4.pdsc
2023-11-08 15:04:30,496 [INFO] ServerAccessManage:473 - Download File STMicroelectronics.X-CUBE-NFC6.pdsc
2023-11-08 15:04:30,563 [INFO] ServerAccessManage:473 - Download File STMicroelectronics.X-CUBE-NFC7.pdsc
2023-11-08 15:04:30,646 [INFO] ServerAccessManage:473 - Download File STMicroelectronics.X-CUBE-SFXS2LP1.pdsc
2023-11-08 15:04:30,772 [INFO] ServerAccessManage:473 - Download File STMicroelectronics.X-CUBE-SUBG2.pdsc
2023-11-08 15:04:30,810 [WARN] MainUpdater:1189 - Updater busy. Cannot search thirdparties
2023-11-08 15:04:30,810 [INFO] ThirdPartyUpdaterWithRetryManager:96 - Updater plugin is busy. [2/15]
2023-11-08 15:04:31,012 [INFO] ServerAccessManage:473 - Download File STMicroelectronics.X-CUBE-SMBUS.pdsc
2023-11-08 15:04:31,089 [ERROR] ServerAccessManage:1089 - Problem, file not found on Server
2023-11-08 15:04:31,111 [INFO] ServerAccessManage:473 - Download File STMicroelectronics.X-CUBE-TOF1.pdsc
2023-11-08 15:04:31,302 [ERROR] ServerAccessManage:1089 - Problem, file not found on Server
2023-11-08 15:04:31,344 [INFO] ServerAccessManage:473 - Download File STMicroelectronics.X-CUBE-TOUCHGFX.pdsc
2023-11-08 15:04:31,761 [INFO] ServerAccessManage:473 - Download File STMicroelectronics.X-CUBE-ALGOBUILD.pdsc
2023-11-08 15:04:31,907 [INFO] ServerAccessManage:473 - Download File STMicroelectronics.X-CUBE-AZRTOS-H7.pdsc
2023-11-08 15:04:32,107 [INFO] ServerAccessManage:473 - Download File STMicroelectronics.X-CUBE-AZRTOS-F4.pdsc
2023-11-08 15:04:32,228 [INFO] ServerAccessManage:473 - Download File STMicroelectronics.X-CUBE-AZRTOS-F7.pdsc
2023-11-08 15:04:32,344 [INFO] ServerAccessManage:473 - Download File STMicroelectronics.X-CUBE-AZRTOS-L4.pdsc
2023-11-08 15:04:32,459 [INFO] ServerAccessManage:473 - Download File STMicroelectronics.X-CUBE-AZRTOS-L5.pdsc
2023-11-08 15:04:32,590 [INFO] ServerAccessManage:473 - Download File STMicroelectronics.X-CUBE-AZRTOS-G0.pdsc
2023-11-08 15:04:32,707 [INFO] ServerAccessManage:473 - Download File STMicroelectronics.X-CUBE-AZRTOS-G4.pdsc
2023-11-08 15:04:32,813 [INFO] ServerAccessManage:473 - Download File STMicroelectronics.X-CUBE-AZRTOS-WB.pdsc
2023-11-08 15:04:32,927 [INFO] ServerAccessManage:473 - Download File STMicroelectronics.X-CUBE-AZRTOS-WL.pdsc
2023-11-08 15:04:33,352 [INFO] WebApp:157 - Instantiating new browser for Auth
2023-11-08 15:04:33,521 [INFO] ServerAccessManage:473 - Download File wolfSSL.I-CUBE-wolfSSL.pdsc
2023-11-08 15:04:33,921 [WARN] MainUpdater:1189 - Updater busy. Cannot search thirdparties
2023-11-08 15:04:33,921 [INFO] ThirdPartyUpdaterWithRetryManager:96 - Updater plugin is busy. [3/15]
2023-11-08 15:04:34,053 [INFO] WebApp:753 - Register for checkConnection events
2023-11-08 15:04:34,053 [INFO] WebApp:390 - Apply proxy settings
2023-11-08 15:04:34,053 [INFO] WebApp:475 - Chromium requires no authentication
2023-11-08 15:04:34,068 [INFO] WebApp:418 - Direct internet connection detected
2023-11-08 15:04:34,296 [INFO] WebApp:188 - Starting web application
2023-11-08 15:04:34,296 [INFO] WebApp:520 - Web application path used C:\appz\ST\STM32CubeIDE_1.10.1\STM32CubeIDE\plugins\com.st.stm32cube.common.mx_6.9.1.202307191849\db\plugins\mcufinder\reactClient1\index.html
2023-11-08 15:04:36,085 [ERROR] ServerAccessManage:1089 - Problem, file not found on Server
2023-11-08 15:04:36,440 [ERROR] ServerAccessManage:1089 - Problem, file not found on Server
2023-11-08 15:04:36,789 [ERROR] ServerAccessManage:1089 - Problem, file not found on Server
2023-11-08 15:04:37,031 [WARN] MainUpdater:1189 - Updater busy. Cannot search thirdparties
2023-11-08 15:04:37,031 [INFO] ThirdPartyUpdaterWithRetryManager:96 - Updater plugin is busy. [4/15]
2023-11-08 15:04:37,236 [ERROR] ServerAccessManage:1096 - Problem, Http access forbiden
2023-11-08 15:04:37,237 [ERROR] ServerAccessManage:651 - Problem, Http access forbiden : RoweBots.I-CUBE-UNISONRTOS.pdsc.
2023-11-08 15:04:37,281 [ERROR] ServerAccessManage:1172 - Problem during Server Connection :  IO error PKIX path building failed: sun.security.provider.certpath.SunCertPathBuilderException: unable to find valid certification path to requested target
2023-11-08 15:04:37,282 [ERROR] ServerAccessManage:651 - Problem during Server Connection :  : SEGGER.I-CUBE-embOS.pdsc.
2023-11-08 15:04:37,363 [INFO] ServerAccessManage:473 - Download File portGmbH.I-Cube-SoM-uGOAL.pdsc
2023-11-08 15:04:37,560 [ERROR] ServerAccessManage:1089 - Problem, file not found on Server
2023-11-08 15:04:37,578 [ERROR] ServerAccessManage:1089 - Problem, file not found on Server
2023-11-08 15:04:37,596 [ERROR] ServerAccessManage:1089 - Problem, file not found on Server
2023-11-08 15:04:37,702 [INFO] ServerAccessManage:473 - Download File emotas.I-CUBE-CANOPEN.pdsc
2023-11-08 15:04:38,546 [INFO] ServerAccessManage:473 - Download File WES.I-CUBE-Cesium.pdsc
2023-11-08 15:04:40,142 [WARN] MainUpdater:1189 - Updater busy. Cannot search thirdparties
2023-11-08 15:04:40,142 [INFO] ThirdPartyUpdaterWithRetryManager:96 - Updater plugin is busy. [5/15]
2023-11-08 15:04:40,382 [ERROR] LogOutputStream:75 - [STDERR_REDIRECT] 
2023-11-08 15:04:51,965 [INFO] Activator:176 - 


2023-11-08 15:04:51,967 [INFO] Activator:177 - !SESSION log4j initialized
2023-11-08 15:04:54,946 [INFO] LogOutputStream:77 - [STDOUT_REDIRECT] 
